{"/Users/vladislavkolos/Desktop/twitter-clone/fileMock.ts": {"path":"/Users/vladislavkolos/Desktop/twitter-clone/fileMock.ts","statementMap":{"0":{"start":{"line":1,"column":0},"end":{"line":1,"column":34}}},"fnMap":{},"branchMap":{},"s":{"0":5},"f":{},"b":{}}
,"/Users/vladislavkolos/Desktop/twitter-clone/svg.tsx": {"path":"/Users/vladislavkolos/Desktop/twitter-clone/svg.tsx","statementMap":{"0":{"start":{"line":1,"column":0},"end":{"line":1,"column":21}},"1":{"start":{"line":2,"column":13},"end":{"line":2,"column":36}}},"fnMap":{},"branchMap":{},"s":{"0":10,"1":10},"f":{},"b":{}}
,"/Users/vladislavkolos/Desktop/twitter-clone/src/app/providers/TestWithProviders/TestWithProviders.tsx": {"path":"/Users/vladislavkolos/Desktop/twitter-clone/src/app/providers/TestWithProviders/TestWithProviders.tsx","statementMap":{"0":{"start":{"line":2,"column":0},"end":{"line":2,"column":39}},"1":{"start":{"line":3,"column":0},"end":{"line":3,"column":48}},"2":{"start":{"line":5,"column":0},"end":{"line":5,"column":41}},"3":{"start":{"line":9,"column":57},"end":{"line":20,"column":1}},"4":{"start":{"line":13,"column":20},"end":{"line":13,"column":41}},"5":{"start":{"line":15,"column":2},"end":{"line":19,"column":4}},"6":{"start":{"line":9,"column":13},"end":{"line":9,"column":57}}},"fnMap":{"0":{"name":"(anonymous_0)","decl":{"start":{"line":9,"column":57},"end":{"line":9,"column":58}},"loc":{"start":{"line":12,"column":5},"end":{"line":20,"column":1}}}},"branchMap":{"0":{"loc":{"start":{"line":13,"column":20},"end":{"line":13,"column":41}},"type":"binary-expr","locations":[{"start":{"line":13,"column":20},"end":{"line":13,"column":25}},{"start":{"line":13,"column":29},"end":{"line":13,"column":41}}]}},"s":{"0":4,"1":4,"2":4,"3":4,"4":9,"5":9,"6":4},"f":{"0":9},"b":{"0":[9,9]}}
,"/Users/vladislavkolos/Desktop/twitter-clone/src/app/providers/ToastContainer/ToastContainer.tsx": {"path":"/Users/vladislavkolos/Desktop/twitter-clone/src/app/providers/ToastContainer/ToastContainer.tsx","statementMap":{"0":{"start":{"line":1,"column":0},"end":{"line":1,"column":54}},"1":{"start":{"line":2,"column":0},"end":{"line":2,"column":48}},"2":{"start":{"line":4,"column":30},"end":{"line":16,"column":1}},"3":{"start":{"line":5,"column":17},"end":{"line":5,"column":60}},"4":{"start":{"line":5,"column":43},"end":{"line":5,"column":59}},"5":{"start":{"line":7,"column":2},"end":{"line":7,"column":34}},"6":{"start":{"line":7,"column":22},"end":{"line":7,"column":34}},"7":{"start":{"line":9,"column":2},"end":{"line":15,"column":4}},"8":{"start":{"line":12,"column":8},"end":{"line":12,"column":24}},"9":{"start":{"line":4,"column":13},"end":{"line":4,"column":30}}},"fnMap":{"0":{"name":"(anonymous_0)","decl":{"start":{"line":4,"column":30},"end":{"line":4,"column":33}},"loc":{"start":{"line":4,"column":35},"end":{"line":16,"column":1}}},"1":{"name":"(anonymous_1)","decl":{"start":{"line":5,"column":32},"end":{"line":5,"column":33}},"loc":{"start":{"line":5,"column":43},"end":{"line":5,"column":59}}},"2":{"name":"(anonymous_2)","decl":{"start":{"line":11,"column":18},"end":{"line":11,"column":19}},"loc":{"start":{"line":12,"column":8},"end":{"line":12,"column":24}}}},"branchMap":{"0":{"loc":{"start":{"line":7,"column":2},"end":{"line":7,"column":34}},"type":"if","locations":[{"start":{"line":7,"column":2},"end":{"line":7,"column":34}}]}},"s":{"0":1,"1":1,"2":1,"3":1,"4":2,"5":1,"6":1,"7":0,"8":0,"9":1},"f":{"0":1,"1":2,"2":0},"b":{"0":[1]}}
,"/Users/vladislavkolos/Desktop/twitter-clone/src/app/store/index.ts": {"path":"/Users/vladislavkolos/Desktop/twitter-clone/src/app/store/index.ts","statementMap":{"0":{"start":{"line":1,"column":0},"end":{"line":1,"column":67}},"1":{"start":{"line":2,"column":0},"end":{"line":2,"column":46}},"2":{"start":{"line":4,"column":0},"end":{"line":4,"column":54}},"3":{"start":{"line":5,"column":0},"end":{"line":5,"column":50}},"4":{"start":{"line":6,"column":0},"end":{"line":6,"column":58}},"5":{"start":{"line":8,"column":0},"end":{"line":8,"column":34}},"6":{"start":{"line":10,"column":23},"end":{"line":10,"column":45}},"7":{"start":{"line":12,"column":20},"end":{"line":16,"column":2}},"8":{"start":{"line":18,"column":13},"end":{"line":22,"column":3}},"9":{"start":{"line":21,"column":4},"end":{"line":21,"column":77}},"10":{"start":{"line":24,"column":0},"end":{"line":24,"column":29}},"11":{"start":{"line":26,"column":26},"end":{"line":31,"column":1}},"12":{"start":{"line":27,"column":2},"end":{"line":30,"column":5}},"13":{"start":{"line":26,"column":13},"end":{"line":26,"column":26}}},"fnMap":{"0":{"name":"(anonymous_1)","decl":{"start":{"line":20,"column":14},"end":{"line":20,"column":15}},"loc":{"start":{"line":21,"column":4},"end":{"line":21,"column":77}}},"1":{"name":"(anonymous_2)","decl":{"start":{"line":26,"column":26},"end":{"line":26,"column":27}},"loc":{"start":{"line":26,"column":66},"end":{"line":31,"column":1}}}},"branchMap":{},"s":{"0":4,"1":4,"2":4,"3":4,"4":4,"5":4,"6":4,"7":4,"8":4,"9":4,"10":4,"11":4,"12":9,"13":4},"f":{"0":4,"1":9},"b":{}}
,"/Users/vladislavkolos/Desktop/twitter-clone/src/app/store/rootSaga.ts": {"path":"/Users/vladislavkolos/Desktop/twitter-clone/src/app/store/rootSaga.ts","statementMap":{"0":{"start":{"line":1,"column":0},"end":{"line":1,"column":41}},"1":{"start":{"line":3,"column":0},"end":{"line":3,"column":71}},"2":{"start":{"line":4,"column":0},"end":{"line":4,"column":66}},"3":{"start":{"line":5,"column":0},"end":{"line":5,"column":69}},"4":{"start":{"line":6,"column":0},"end":{"line":6,"column":84}},"5":{"start":{"line":7,"column":0},"end":{"line":7,"column":73}},"6":{"start":{"line":8,"column":0},"end":{"line":8,"column":76}},"7":{"start":{"line":11,"column":2},"end":{"line":18,"column":5}},"8":{"start":{"line":10,"column":0},"end":{"line":10,"column":23}}},"fnMap":{"0":{"name":"rootSaga","decl":{"start":{"line":10,"column":25},"end":{"line":10,"column":33}},"loc":{"start":{"line":10,"column":33},"end":{"line":19,"column":1}}}},"branchMap":{},"s":{"0":4,"1":4,"2":4,"3":4,"4":4,"5":4,"6":4,"7":4,"8":4},"f":{"0":4},"b":{}}
,"/Users/vladislavkolos/Desktop/twitter-clone/src/entities/app/model/slice.ts": {"path":"/Users/vladislavkolos/Desktop/twitter-clone/src/entities/app/model/slice.ts","statementMap":{"0":{"start":{"line":1,"column":0},"end":{"line":1,"column":62}},"1":{"start":{"line":2,"column":0},"end":{"line":2,"column":26}},"2":{"start":{"line":4,"column":0},"end":{"line":4,"column":45}},"3":{"start":{"line":12,"column":29},"end":{"line":16,"column":2}},"4":{"start":{"line":17,"column":13},"end":{"line":42,"column":3}},"5":{"start":{"line":22,"column":6},"end":{"line":22,"column":40}},"6":{"start":{"line":25,"column":6},"end":{"line":25,"column":35}},"7":{"start":{"line":31,"column":33},"end":{"line":31,"column":47}},"8":{"start":{"line":32,"column":6},"end":{"line":36,"column":9}},"9":{"start":{"line":39,"column":6},"end":{"line":39,"column":76}},"10":{"start":{"line":39,"column":53},"end":{"line":39,"column":74}}},"fnMap":{"0":{"name":"(anonymous_0)","decl":{"start":{"line":21,"column":15},"end":{"line":21,"column":16}},"loc":{"start":{"line":21,"column":33},"end":{"line":23,"column":5}}},"1":{"name":"(anonymous_1)","decl":{"start":{"line":24,"column":17},"end":{"line":24,"column":18}},"loc":{"start":{"line":24,"column":35},"end":{"line":26,"column":5}}},"2":{"name":"(anonymous_2)","decl":{"start":{"line":27,"column":14},"end":{"line":27,"column":null}},"loc":{"start":{"line":30,"column":8},"end":{"line":37,"column":5}}},"3":{"name":"(anonymous_3)","decl":{"start":{"line":38,"column":17},"end":{"line":38,"column":18}},"loc":{"start":{"line":38,"column":35},"end":{"line":40,"column":5}}},"4":{"name":"(anonymous_4)","decl":{"start":{"line":39,"column":41},"end":{"line":39,"column":42}},"loc":{"start":{"line":39,"column":53},"end":{"line":39,"column":74}}}},"branchMap":{"0":{"loc":{"start":{"line":13,"column":10},"end":{"line":13,"column":64}},"type":"binary-expr","locations":[{"start":{"line":13,"column":10},"end":{"line":13,"column":49}},{"start":{"line":13,"column":53},"end":{"line":13,"column":64}}]},"1":{"loc":{"start":{"line":33,"column":12},"end":{"line":33,"column":22}},"type":"binary-expr","locations":[{"start":{"line":33,"column":12},"end":{"line":33,"column":14}},{"start":{"line":33,"column":18},"end":{"line":33,"column":22}}]}},"s":{"0":4,"1":4,"2":4,"3":4,"4":4,"5":0,"6":0,"7":0,"8":0,"9":0,"10":0},"f":{"0":0,"1":0,"2":0,"3":0,"4":0},"b":{"0":[4,4],"1":[0,0]}}
,"/Users/vladislavkolos/Desktop/twitter-clone/src/entities/session/index.ts": {"path":"/Users/vladislavkolos/Desktop/twitter-clone/src/entities/session/index.ts","statementMap":{"0":{"start":{"line":1,"column":0},"end":{"line":1,"column":9}},"1":{"start":{"line":1,"column":9},"end":{"line":1,"column":24}},"2":{"start":{"line":1,"column":24},"end":{"line":1,"column":36}},"3":{"start":{"line":1,"column":36},"end":{"line":1,"column":72}}},"fnMap":{"0":{"name":"(anonymous_0)","decl":{"start":{"line":1,"column":9},"end":{"line":1,"column":22}},"loc":{"start":{"line":1,"column":9},"end":{"line":1,"column":24}}},"1":{"name":"(anonymous_1)","decl":{"start":{"line":1,"column":24},"end":{"line":1,"column":34}},"loc":{"start":{"line":1,"column":24},"end":{"line":1,"column":36}}},"2":{"name":"(anonymous_2)","decl":{"start":{"line":1,"column":36},"end":{"line":1,"column":48}},"loc":{"start":{"line":1,"column":36},"end":{"line":1,"column":72}}}},"branchMap":{},"s":{"0":4,"1":4,"2":4,"3":8},"f":{"0":0,"1":0,"2":4},"b":{}}
,"/Users/vladislavkolos/Desktop/twitter-clone/src/entities/session/api/checkUserSession.ts": {"path":"/Users/vladislavkolos/Desktop/twitter-clone/src/entities/session/api/checkUserSession.ts","statementMap":{"0":{"start":{"line":1,"column":0},"end":{"line":1,"column":58}},"1":{"start":{"line":5,"column":32},"end":{"line":25,"column":1}},"2":{"start":{"line":6,"column":2},"end":{"line":24,"column":5}},"3":{"start":{"line":7,"column":4},"end":{"line":23,"column":7}},"4":{"start":{"line":8,"column":6},"end":{"line":22,"column":7}},"5":{"start":{"line":9,"column":23},"end":{"line":12,"column":16}},"6":{"start":{"line":14,"column":25},"end":{"line":14,"column":47}},"7":{"start":{"line":16,"column":20},"end":{"line":18,"column":10}},"8":{"start":{"line":19,"column":8},"end":{"line":19,"column":21}},"9":{"start":{"line":21,"column":8},"end":{"line":21,"column":67}},"10":{"start":{"line":5,"column":13},"end":{"line":5,"column":32}}},"fnMap":{"0":{"name":"(anonymous_0)","decl":{"start":{"line":5,"column":32},"end":{"line":5,"column":61}},"loc":{"start":{"line":5,"column":63},"end":{"line":25,"column":1}}},"1":{"name":"(anonymous_1)","decl":{"start":{"line":6,"column":21},"end":{"line":6,"column":22}},"loc":{"start":{"line":6,"column":41},"end":{"line":24,"column":3}}},"2":{"name":"(anonymous_2)","decl":{"start":{"line":7,"column":28},"end":{"line":7,"column":33}},"loc":{"start":{"line":7,"column":43},"end":{"line":23,"column":5}}}},"branchMap":{"0":{"loc":{"start":{"line":8,"column":6},"end":{"line":22,"column":7}},"type":"if","locations":[{"start":{"line":8,"column":6},"end":{"line":22,"column":7}},{"start":{"line":20,"column":13},"end":{"line":22,"column":7}}]}},"s":{"0":4,"1":4,"2":0,"3":0,"4":0,"5":0,"6":0,"7":0,"8":0,"9":0,"10":4},"f":{"0":0,"1":0,"2":0},"b":{"0":[0,0]}}
,"/Users/vladislavkolos/Desktop/twitter-clone/src/entities/session/model/actions.ts": {"path":"/Users/vladislavkolos/Desktop/twitter-clone/src/entities/session/model/actions.ts","statementMap":{"0":{"start":{"line":1,"column":0},"end":{"line":1,"column":48}},"1":{"start":{"line":3,"column":13},"end":{"line":8,"column":27}},"2":{"start":{"line":10,"column":13},"end":{"line":13,"column":20}},"3":{"start":{"line":15,"column":13},"end":{"line":15,"column":59}},"4":{"start":{"line":17,"column":13},"end":{"line":17,"column":63}},"5":{"start":{"line":19,"column":13},"end":{"line":19,"column":53}}},"fnMap":{},"branchMap":{},"s":{"0":4,"1":4,"2":4,"3":4,"4":4,"5":4},"f":{},"b":{}}
,"/Users/vladislavkolos/Desktop/twitter-clone/src/entities/session/model/authSession.ts": {"path":"/Users/vladislavkolos/Desktop/twitter-clone/src/entities/session/model/authSession.ts","statementMap":{"0":{"start":{"line":1,"column":0},"end":{"line":1,"column":58}},"1":{"start":{"line":3,"column":0},"end":{"line":3,"column":54}},"2":{"start":{"line":4,"column":0},"end":{"line":4,"column":50}},"3":{"start":{"line":5,"column":0},"end":{"line":5,"column":62}},"4":{"start":{"line":7,"column":0},"end":{"line":7,"column":59}},"5":{"start":{"line":11,"column":2},"end":{"line":22,"column":3}},"6":{"start":{"line":12,"column":4},"end":{"line":12,"column":48}},"7":{"start":{"line":13,"column":24},"end":{"line":13,"column":52}},"8":{"start":{"line":15,"column":4},"end":{"line":15,"column":50}},"9":{"start":{"line":17,"column":4},"end":{"line":17,"column":49}},"10":{"start":{"line":19,"column":4},"end":{"line":19,"column":55}},"11":{"start":{"line":20,"column":4},"end":{"line":20,"column":49}},"12":{"start":{"line":21,"column":4},"end":{"line":21,"column":25}},"13":{"start":{"line":10,"column":0},"end":{"line":10,"column":15}},"14":{"start":{"line":26,"column":2},"end":{"line":26,"column":42}},"15":{"start":{"line":25,"column":0},"end":{"line":25,"column":15}}},"fnMap":{"0":{"name":"isLoggedIn","decl":{"start":{"line":10,"column":17},"end":{"line":10,"column":27}},"loc":{"start":{"line":10,"column":27},"end":{"line":23,"column":1}}},"1":{"name":"watchIsLoggedIn","decl":{"start":{"line":25,"column":17},"end":{"line":25,"column":32}},"loc":{"start":{"line":25,"column":32},"end":{"line":27,"column":1}}}},"branchMap":{},"s":{"0":4,"1":4,"2":4,"3":4,"4":4,"5":0,"6":0,"7":0,"8":0,"9":0,"10":0,"11":0,"12":0,"13":4,"14":4,"15":4},"f":{"0":0,"1":4},"b":{}}
,"/Users/vladislavkolos/Desktop/twitter-clone/src/entities/session/model/slice.ts": {"path":"/Users/vladislavkolos/Desktop/twitter-clone/src/entities/session/model/slice.ts","statementMap":{"0":{"start":{"line":1,"column":0},"end":{"line":1,"column":62}},"1":{"start":{"line":11,"column":29},"end":{"line":15,"column":2}},"2":{"start":{"line":17,"column":13},"end":{"line":35,"column":3}},"3":{"start":{"line":22,"column":6},"end":{"line":22,"column":39}},"4":{"start":{"line":25,"column":6},"end":{"line":25,"column":37}},"5":{"start":{"line":28,"column":6},"end":{"line":28,"column":35}},"6":{"start":{"line":32,"column":27},"end":{"line":32,"column":41}},"7":{"start":{"line":33,"column":30},"end":{"line":33,"column":35}},"8":{"start":{"line":37,"column":13},"end":{"line":37,"column":45}}},"fnMap":{"0":{"name":"(anonymous_0)","decl":{"start":{"line":21,"column":17},"end":{"line":21,"column":18}},"loc":{"start":{"line":21,"column":35},"end":{"line":23,"column":5}}},"1":{"name":"(anonymous_1)","decl":{"start":{"line":24,"column":13},"end":{"line":24,"column":14}},"loc":{"start":{"line":24,"column":65},"end":{"line":26,"column":5}}},"2":{"name":"(anonymous_2)","decl":{"start":{"line":27,"column":14},"end":{"line":27,"column":15}},"loc":{"start":{"line":27,"column":32},"end":{"line":29,"column":5}}},"3":{"name":"(anonymous_3)","decl":{"start":{"line":32,"column":16},"end":{"line":32,"column":17}},"loc":{"start":{"line":32,"column":27},"end":{"line":32,"column":41}}},"4":{"name":"(anonymous_4)","decl":{"start":{"line":33,"column":19},"end":{"line":33,"column":20}},"loc":{"start":{"line":33,"column":30},"end":{"line":33,"column":35}}}},"branchMap":{},"s":{"0":4,"1":4,"2":4,"3":0,"4":0,"5":0,"6":0,"7":0,"8":4},"f":{"0":0,"1":0,"2":0,"3":0,"4":0},"b":{}}
,"/Users/vladislavkolos/Desktop/twitter-clone/src/entities/tweet/api/fetchTweets.ts": {"path":"/Users/vladislavkolos/Desktop/twitter-clone/src/entities/tweet/api/fetchTweets.ts","statementMap":{"0":{"start":{"line":1,"column":0},"end":{"line":1,"column":47}},"1":{"start":{"line":3,"column":0},"end":{"line":3,"column":52}},"2":{"start":{"line":7,"column":27},"end":{"line":45,"column":1}},"3":{"start":{"line":8,"column":2},"end":{"line":44,"column":3}},"4":{"start":{"line":9,"column":23},"end":{"line":9,"column":57}},"5":{"start":{"line":11,"column":26},"end":{"line":11,"column":78}},"6":{"start":{"line":13,"column":23},"end":{"line":15,"column":12}},"7":{"start":{"line":17,"column":22},"end":{"line":17,"column":47}},"8":{"start":{"line":19,"column":17},"end":{"line":19,"column":48}},"9":{"start":{"line":21,"column":23},"end":{"line":39,"column":6}},"10":{"start":{"line":22,"column":65},"end":{"line":22,"column":75}},"11":{"start":{"line":24,"column":23},"end":{"line":24,"column":48}},"12":{"start":{"line":26,"column":26},"end":{"line":29,"column":16}},"13":{"start":{"line":31,"column":6},"end":{"line":38,"column":8}},"14":{"start":{"line":41,"column":4},"end":{"line":41,"column":35}},"15":{"start":{"line":43,"column":4},"end":{"line":43,"column":23}},"16":{"start":{"line":7,"column":13},"end":{"line":7,"column":27}}},"fnMap":{"0":{"name":"(anonymous_0)","decl":{"start":{"line":7,"column":27},"end":{"line":7,"column":32}},"loc":{"start":{"line":7,"column":53},"end":{"line":45,"column":1}}},"1":{"name":"(anonymous_1)","decl":{"start":{"line":21,"column":37},"end":{"line":21,"column":42}},"loc":{"start":{"line":21,"column":68},"end":{"line":39,"column":5}}}},"branchMap":{"0":{"loc":{"start":{"line":19,"column":17},"end":{"line":19,"column":48}},"type":"cond-expr","locations":[{"start":{"line":19,"column":26},"end":{"line":19,"column":36}},{"start":{"line":19,"column":39},"end":{"line":19,"column":48}}]},"1":{"loc":{"start":{"line":37,"column":22},"end":{"line":37,"column":40}},"type":"binary-expr","locations":[{"start":{"line":37,"column":22},"end":{"line":37,"column":34}},{"start":{"line":37,"column":38},"end":{"line":37,"column":40}}]}},"s":{"0":4,"1":4,"2":4,"3":0,"4":0,"5":0,"6":0,"7":0,"8":0,"9":0,"10":0,"11":0,"12":0,"13":0,"14":0,"15":0,"16":4},"f":{"0":0,"1":0},"b":{"0":[0,0],"1":[0,0]}}
,"/Users/vladislavkolos/Desktop/twitter-clone/src/entities/tweet/model/actions.ts": {"path":"/Users/vladislavkolos/Desktop/twitter-clone/src/entities/tweet/model/actions.ts","statementMap":{"0":{"start":{"line":1,"column":0},"end":{"line":1,"column":48}},"1":{"start":{"line":5,"column":13},"end":{"line":7,"column":2}},"2":{"start":{"line":9,"column":13},"end":{"line":11,"column":2}},"3":{"start":{"line":13,"column":13},"end":{"line":15,"column":2}}},"fnMap":{},"branchMap":{},"s":{"0":4,"1":4,"2":4,"3":4},"f":{},"b":{}}
,"/Users/vladislavkolos/Desktop/twitter-clone/src/entities/tweet/model/getTweets.ts": {"path":"/Users/vladislavkolos/Desktop/twitter-clone/src/entities/tweet/model/getTweets.ts","statementMap":{"0":{"start":{"line":2,"column":0},"end":{"line":2,"column":59}},"1":{"start":{"line":4,"column":0},"end":{"line":4,"column":49}},"2":{"start":{"line":6,"column":0},"end":{"line":6,"column":39}},"3":{"start":{"line":7,"column":0},"end":{"line":7,"column":37}},"4":{"start":{"line":12,"column":2},"end":{"line":21,"column":3}},"5":{"start":{"line":13,"column":4},"end":{"line":13,"column":51}},"6":{"start":{"line":14,"column":23},"end":{"line":14,"column":37}},"7":{"start":{"line":15,"column":19},"end":{"line":15,"column":50}},"8":{"start":{"line":16,"column":4},"end":{"line":16,"column":53}},"9":{"start":{"line":18,"column":4},"end":{"line":18,"column":34}},"10":{"start":{"line":20,"column":4},"end":{"line":20,"column":52}},"11":{"start":{"line":9,"column":0},"end":{"line":9,"column":15}},"12":{"start":{"line":25,"column":2},"end":{"line":25,"column":42}},"13":{"start":{"line":24,"column":0},"end":{"line":24,"column":15}}},"fnMap":{"0":{"name":"getTweets","decl":{"start":{"line":9,"column":17},"end":{"line":9,"column":26}},"loc":{"start":{"line":10,"column":44},"end":{"line":22,"column":1}}},"1":{"name":"watchGetTweets","decl":{"start":{"line":24,"column":17},"end":{"line":24,"column":31}},"loc":{"start":{"line":24,"column":31},"end":{"line":26,"column":1}}}},"branchMap":{},"s":{"0":4,"1":4,"2":4,"3":4,"4":0,"5":0,"6":0,"7":0,"8":0,"9":0,"10":0,"11":4,"12":4,"13":4},"f":{"0":0,"1":4},"b":{}}
,"/Users/vladislavkolos/Desktop/twitter-clone/src/entities/tweet/model/slice.ts": {"path":"/Users/vladislavkolos/Desktop/twitter-clone/src/entities/tweet/model/slice.ts","statementMap":{"0":{"start":{"line":1,"column":0},"end":{"line":1,"column":47}},"1":{"start":{"line":10,"column":29},"end":{"line":13,"column":2}},"2":{"start":{"line":15,"column":13},"end":{"line":50,"column":3}},"3":{"start":{"line":20,"column":6},"end":{"line":20,"column":36}},"4":{"start":{"line":23,"column":6},"end":{"line":23,"column":39}},"5":{"start":{"line":26,"column":33},"end":{"line":26,"column":47}},"6":{"start":{"line":27,"column":24},"end":{"line":27,"column":41}},"7":{"start":{"line":28,"column":23},"end":{"line":28,"column":77}},"8":{"start":{"line":28,"column":57},"end":{"line":28,"column":76}},"9":{"start":{"line":30,"column":6},"end":{"line":37,"column":7}},"10":{"start":{"line":31,"column":8},"end":{"line":33,"column":53}},"11":{"start":{"line":33,"column":38},"end":{"line":33,"column":51}},"12":{"start":{"line":34,"column":8},"end":{"line":34,"column":33}},"13":{"start":{"line":36,"column":8},"end":{"line":36,"column":15}},"14":{"start":{"line":39,"column":6},"end":{"line":43,"column":7}},"15":{"start":{"line":40,"column":8},"end":{"line":40,"column":54}},"16":{"start":{"line":42,"column":8},"end":{"line":42,"column":52}},"17":{"start":{"line":44,"column":6},"end":{"line":44,"column":31}}},"fnMap":{"0":{"name":"(anonymous_0)","decl":{"start":{"line":19,"column":16},"end":{"line":19,"column":17}},"loc":{"start":{"line":19,"column":34},"end":{"line":21,"column":5}}},"1":{"name":"(anonymous_1)","decl":{"start":{"line":22,"column":16},"end":{"line":22,"column":17}},"loc":{"start":{"line":22,"column":34},"end":{"line":24,"column":5}}},"2":{"name":"(anonymous_2)","decl":{"start":{"line":25,"column":21},"end":{"line":25,"column":22}},"loc":{"start":{"line":25,"column":39},"end":{"line":45,"column":5}}},"3":{"name":"(anonymous_3)","decl":{"start":{"line":28,"column":46},"end":{"line":28,"column":47}},"loc":{"start":{"line":28,"column":57},"end":{"line":28,"column":76}}},"4":{"name":"(anonymous_4)","decl":{"start":{"line":33,"column":30},"end":{"line":33,"column":31}},"loc":{"start":{"line":33,"column":38},"end":{"line":33,"column":51}}}},"branchMap":{"0":{"loc":{"start":{"line":30,"column":6},"end":{"line":37,"column":7}},"type":"if","locations":[{"start":{"line":30,"column":6},"end":{"line":37,"column":7}}]},"1":{"loc":{"start":{"line":39,"column":6},"end":{"line":43,"column":7}},"type":"if","locations":[{"start":{"line":39,"column":6},"end":{"line":43,"column":7}},{"start":{"line":41,"column":13},"end":{"line":43,"column":7}}]}},"s":{"0":4,"1":4,"2":4,"3":0,"4":0,"5":0,"6":0,"7":0,"8":0,"9":0,"10":0,"11":0,"12":0,"13":0,"14":0,"15":0,"16":0,"17":0},"f":{"0":0,"1":0,"2":0,"3":0,"4":0},"b":{"0":[0],"1":[0,0]}}
,"/Users/vladislavkolos/Desktop/twitter-clone/src/entities/tweet/ui/TweetCard.tsx": {"path":"/Users/vladislavkolos/Desktop/twitter-clone/src/entities/tweet/ui/TweetCard.tsx","statementMap":{"0":{"start":{"line":3,"column":0},"end":{"line":3,"column":38}},"1":{"start":{"line":7,"column":46},"end":{"line":34,"column":1}},"2":{"start":{"line":8,"column":43},"end":{"line":8,"column":48}},"3":{"start":{"line":10,"column":24},"end":{"line":10,"column":55}},"4":{"start":{"line":12,"column":2},"end":{"line":33,"column":4}},"5":{"start":{"line":7,"column":13},"end":{"line":7,"column":46}}},"fnMap":{"0":{"name":"(anonymous_0)","decl":{"start":{"line":7,"column":46},"end":{"line":7,"column":47}},"loc":{"start":{"line":7,"column":56},"end":{"line":34,"column":1}}}},"branchMap":{"0":{"loc":{"start":{"line":22,"column":9},"end":{"line":29,"column":null}},"type":"binary-expr","locations":[{"start":{"line":22,"column":9},"end":{"line":22,"column":14}},{"start":{"line":23,"column":10},"end":{"line":28,"column":null}}]}},"s":{"0":1,"1":1,"2":4,"3":4,"4":4,"5":1},"f":{"0":4},"b":{"0":[4,3]}}
,"/Users/vladislavkolos/Desktop/twitter-clone/src/entities/user/ui/UserCard/UserCard.tsx": {"path":"/Users/vladislavkolos/Desktop/twitter-clone/src/entities/user/ui/UserCard/UserCard.tsx","statementMap":{"0":{"start":{"line":2,"column":0},"end":{"line":2,"column":36}},"1":{"start":{"line":4,"column":0},"end":{"line":4,"column":37}},"2":{"start":{"line":8,"column":44},"end":{"line":37,"column":1}},"3":{"start":{"line":16,"column":2},"end":{"line":36,"column":4}},"4":{"start":{"line":8,"column":13},"end":{"line":8,"column":44}}},"fnMap":{"0":{"name":"(anonymous_1)","decl":{"start":{"line":8,"column":44},"end":{"line":8,"column":45}},"loc":{"start":{"line":15,"column":5},"end":{"line":37,"column":1}}}},"branchMap":{"0":{"loc":{"start":{"line":12,"column":2},"end":{"line":12,"column":23}},"type":"default-arg","locations":[{"start":{"line":12,"column":18},"end":{"line":12,"column":23}}]},"1":{"loc":{"start":{"line":13,"column":2},"end":{"line":13,"column":24}},"type":"default-arg","locations":[{"start":{"line":13,"column":20},"end":{"line":13,"column":24}}]},"2":{"loc":{"start":{"line":14,"column":2},"end":{"line":14,"column":21}},"type":"default-arg","locations":[{"start":{"line":14,"column":16},"end":{"line":14,"column":21}}]},"3":{"loc":{"start":{"line":30,"column":7},"end":{"line":33,"column":null}},"type":"binary-expr","locations":[{"start":{"line":30,"column":7},"end":{"line":30,"column":21}},{"start":{"line":30,"column":25},"end":{"line":30,"column":40}},{"start":{"line":31,"column":8},"end":{"line":31,"column":null}}]}},"s":{"0":1,"1":1,"2":1,"3":5,"4":1},"f":{"0":5},"b":{"0":[0],"1":[0],"2":[0],"3":[5,4,3]}}
,"/Users/vladislavkolos/Desktop/twitter-clone/src/features/authentication/api/createUser.ts": {"path":"/Users/vladislavkolos/Desktop/twitter-clone/src/features/authentication/api/createUser.ts","statementMap":{"0":{"start":{"line":1,"column":0},"end":{"line":1,"column":78}},"1":{"start":{"line":2,"column":0},"end":{"line":2,"column":67}},"2":{"start":{"line":4,"column":0},"end":{"line":4,"column":66}},"3":{"start":{"line":5,"column":0},"end":{"line":5,"column":84}},"4":{"start":{"line":9,"column":26},"end":{"line":44,"column":1}},"5":{"start":{"line":10,"column":59},"end":{"line":10,"column":67}},"6":{"start":{"line":11,"column":15},"end":{"line":11,"column":74}},"7":{"start":{"line":13,"column":2},"end":{"line":15,"column":5}},"8":{"start":{"line":16,"column":23},"end":{"line":24,"column":4}},"9":{"start":{"line":26,"column":29},"end":{"line":28,"column":4}},"10":{"start":{"line":30,"column":27},"end":{"line":33,"column":10}},"11":{"start":{"line":35,"column":2},"end":{"line":41,"column":7}},"12":{"start":{"line":43,"column":2},"end":{"line":43,"column":28}},"13":{"start":{"line":9,"column":13},"end":{"line":9,"column":26}}},"fnMap":{"0":{"name":"(anonymous_0)","decl":{"start":{"line":9,"column":26},"end":{"line":9,"column":31}},"loc":{"start":{"line":9,"column":68},"end":{"line":44,"column":1}}}},"branchMap":{"0":{"loc":{"start":{"line":40,"column":14},"end":{"line":40,"column":51}},"type":"binary-expr","locations":[{"start":{"line":40,"column":14},"end":{"line":40,"column":45}},{"start":{"line":40,"column":49},"end":{"line":40,"column":51}}]}},"s":{"0":4,"1":4,"2":4,"3":4,"4":4,"5":0,"6":0,"7":0,"8":0,"9":0,"10":0,"11":0,"12":0,"13":4},"f":{"0":0},"b":{"0":[0,0]}}
,"/Users/vladislavkolos/Desktop/twitter-clone/src/features/authentication/api/googleAuth.ts": {"path":"/Users/vladislavkolos/Desktop/twitter-clone/src/features/authentication/api/googleAuth.ts","statementMap":{"0":{"start":{"line":1,"column":0},"end":{"line":1,"column":48}},"1":{"start":{"line":2,"column":0},"end":{"line":2,"column":67}},"2":{"start":{"line":4,"column":0},"end":{"line":4,"column":76}},"3":{"start":{"line":5,"column":0},"end":{"line":5,"column":84}},"4":{"start":{"line":7,"column":26},"end":{"line":48,"column":1}},"5":{"start":{"line":8,"column":2},"end":{"line":47,"column":3}},"6":{"start":{"line":9,"column":17},"end":{"line":9,"column":54}},"7":{"start":{"line":11,"column":24},"end":{"line":14,"column":12}},"8":{"start":{"line":16,"column":4},"end":{"line":16,"column":35}},"9":{"start":{"line":16,"column":28},"end":{"line":16,"column":35}},"10":{"start":{"line":18,"column":25},"end":{"line":26,"column":6}},"11":{"start":{"line":28,"column":31},"end":{"line":30,"column":6}},"12":{"start":{"line":32,"column":29},"end":{"line":35,"column":12}},"13":{"start":{"line":37,"column":4},"end":{"line":42,"column":9}},"14":{"start":{"line":44,"column":4},"end":{"line":44,"column":30}},"15":{"start":{"line":46,"column":4},"end":{"line":46,"column":23}},"16":{"start":{"line":7,"column":13},"end":{"line":7,"column":26}}},"fnMap":{"0":{"name":"(anonymous_0)","decl":{"start":{"line":7,"column":26},"end":{"line":7,"column":31}},"loc":{"start":{"line":7,"column":37},"end":{"line":48,"column":1}}}},"branchMap":{"0":{"loc":{"start":{"line":16,"column":4},"end":{"line":16,"column":35}},"type":"if","locations":[{"start":{"line":16,"column":4},"end":{"line":16,"column":35}}]}},"s":{"0":4,"1":4,"2":4,"3":4,"4":4,"5":0,"6":0,"7":0,"8":0,"9":0,"10":0,"11":0,"12":0,"13":0,"14":0,"15":0,"16":4},"f":{"0":0},"b":{"0":[0]}}
,"/Users/vladislavkolos/Desktop/twitter-clone/src/features/authentication/api/loginUser.ts": {"path":"/Users/vladislavkolos/Desktop/twitter-clone/src/features/authentication/api/loginUser.ts","statementMap":{"0":{"start":{"line":1,"column":0},"end":{"line":1,"column":59}},"1":{"start":{"line":3,"column":0},"end":{"line":3,"column":54}},"2":{"start":{"line":5,"column":25},"end":{"line":8,"column":1}},"3":{"start":{"line":6,"column":14},"end":{"line":6,"column":69}},"4":{"start":{"line":7,"column":2},"end":{"line":7,"column":18}},"5":{"start":{"line":5,"column":13},"end":{"line":5,"column":25}}},"fnMap":{"0":{"name":"(anonymous_0)","decl":{"start":{"line":5,"column":25},"end":{"line":5,"column":30}},"loc":{"start":{"line":5,"column":67},"end":{"line":8,"column":1}}}},"branchMap":{},"s":{"0":4,"1":4,"2":4,"3":0,"4":0,"5":4},"f":{"0":0},"b":{}}
,"/Users/vladislavkolos/Desktop/twitter-clone/src/features/authentication/api/logoutUser.ts": {"path":"/Users/vladislavkolos/Desktop/twitter-clone/src/features/authentication/api/logoutUser.ts","statementMap":{"0":{"start":{"line":1,"column":0},"end":{"line":1,"column":40}},"1":{"start":{"line":3,"column":0},"end":{"line":3,"column":54}},"2":{"start":{"line":5,"column":26},"end":{"line":7,"column":1}},"3":{"start":{"line":6,"column":2},"end":{"line":6,"column":22}},"4":{"start":{"line":5,"column":13},"end":{"line":5,"column":26}}},"fnMap":{"0":{"name":"(anonymous_0)","decl":{"start":{"line":5,"column":26},"end":{"line":5,"column":31}},"loc":{"start":{"line":5,"column":37},"end":{"line":7,"column":1}}}},"branchMap":{},"s":{"0":4,"1":4,"2":4,"3":0,"4":4},"f":{"0":0},"b":{}}
,"/Users/vladislavkolos/Desktop/twitter-clone/src/features/authentication/login/model/login.ts": {"path":"/Users/vladislavkolos/Desktop/twitter-clone/src/features/authentication/login/model/login.ts","statementMap":{"0":{"start":{"line":2,"column":0},"end":{"line":2,"column":58}},"1":{"start":{"line":4,"column":0},"end":{"line":4,"column":54}},"2":{"start":{"line":5,"column":0},"end":{"line":5,"column":50}},"3":{"start":{"line":6,"column":0},"end":{"line":6,"column":69}},"4":{"start":{"line":8,"column":0},"end":{"line":8,"column":48}},"5":{"start":{"line":13,"column":2},"end":{"line":27,"column":3}},"6":{"start":{"line":14,"column":32},"end":{"line":14,"column":44}},"7":{"start":{"line":15,"column":4},"end":{"line":15,"column":54}},"8":{"start":{"line":16,"column":4},"end":{"line":16,"column":43}},"9":{"start":{"line":17,"column":4},"end":{"line":17,"column":28}},"10":{"start":{"line":19,"column":4},"end":{"line":23,"column":5}},"11":{"start":{"line":20,"column":6},"end":{"line":22,"column":8}},"12":{"start":{"line":24,"column":4},"end":{"line":24,"column":34}},"13":{"start":{"line":26,"column":4},"end":{"line":26,"column":55}},"14":{"start":{"line":10,"column":0},"end":{"line":10,"column":15}},"15":{"start":{"line":31,"column":2},"end":{"line":31,"column":32}},"16":{"start":{"line":30,"column":0},"end":{"line":30,"column":15}}},"fnMap":{"0":{"name":"login","decl":{"start":{"line":10,"column":17},"end":{"line":10,"column":22}},"loc":{"start":{"line":11,"column":58},"end":{"line":28,"column":1}}},"1":{"name":"watchLogin","decl":{"start":{"line":30,"column":17},"end":{"line":30,"column":27}},"loc":{"start":{"line":30,"column":27},"end":{"line":32,"column":1}}}},"branchMap":{"0":{"loc":{"start":{"line":19,"column":4},"end":{"line":23,"column":5}},"type":"if","locations":[{"start":{"line":19,"column":4},"end":{"line":23,"column":5}}]}},"s":{"0":4,"1":4,"2":4,"3":4,"4":4,"5":0,"6":0,"7":0,"8":0,"9":0,"10":0,"11":0,"12":0,"13":0,"14":4,"15":4,"16":4},"f":{"0":0,"1":4},"b":{"0":[0]}}
,"/Users/vladislavkolos/Desktop/twitter-clone/src/features/authentication/login/model/loginScheme.ts": {"path":"/Users/vladislavkolos/Desktop/twitter-clone/src/features/authentication/login/model/loginScheme.ts","statementMap":{"0":{"start":{"line":1,"column":0},"end":{"line":1,"column":33}},"1":{"start":{"line":5,"column":13},"end":{"line":8,"column":3}}},"fnMap":{},"branchMap":{},"s":{"0":1,"1":1},"f":{},"b":{}}
,"/Users/vladislavkolos/Desktop/twitter-clone/src/features/authentication/login/ui/LoginForm.tsx": {"path":"/Users/vladislavkolos/Desktop/twitter-clone/src/features/authentication/login/ui/LoginForm.tsx","statementMap":{"0":{"start":{"line":2,"column":0},"end":{"line":2,"column":54}},"1":{"start":{"line":3,"column":0},"end":{"line":3,"column":54}},"2":{"start":{"line":5,"column":0},"end":{"line":5,"column":44}},"3":{"start":{"line":7,"column":0},"end":{"line":7,"column":51}},"4":{"start":{"line":12,"column":46},"end":{"line":62,"column":1}},"5":{"start":{"line":13,"column":36},"end":{"line":19,"column":4}},"6":{"start":{"line":21,"column":27},"end":{"line":23,"column":3}},"7":{"start":{"line":22,"column":4},"end":{"line":22,"column":19}},"8":{"start":{"line":25,"column":2},"end":{"line":61,"column":4}},"9":{"start":{"line":31,"column":10},"end":{"line":35,"column":null}},"10":{"start":{"line":43,"column":10},"end":{"line":48,"column":null}},"11":{"start":{"line":12,"column":13},"end":{"line":12,"column":46}}},"fnMap":{"0":{"name":"(anonymous_0)","decl":{"start":{"line":12,"column":46},"end":{"line":12,"column":47}},"loc":{"start":{"line":12,"column":63},"end":{"line":62,"column":1}}},"1":{"name":"(anonymous_1)","decl":{"start":{"line":21,"column":27},"end":{"line":21,"column":28}},"loc":{"start":{"line":21,"column":51},"end":{"line":23,"column":3}}},"2":{"name":"(anonymous_2)","decl":{"start":{"line":30,"column":16},"end":{"line":30,"column":17}},"loc":{"start":{"line":31,"column":10},"end":{"line":35,"column":null}}},"3":{"name":"(anonymous_3)","decl":{"start":{"line":42,"column":16},"end":{"line":42,"column":17}},"loc":{"start":{"line":43,"column":10},"end":{"line":48,"column":null}}}},"branchMap":{},"s":{"0":1,"1":1,"2":1,"3":1,"4":1,"5":2,"6":2,"7":1,"8":2,"9":4,"10":4,"11":1},"f":{"0":2,"1":1,"2":4,"3":4},"b":{}}
,"/Users/vladislavkolos/Desktop/twitter-clone/src/features/authentication/logout/model/logout.ts": {"path":"/Users/vladislavkolos/Desktop/twitter-clone/src/features/authentication/logout/model/logout.ts","statementMap":{"0":{"start":{"line":1,"column":0},"end":{"line":1,"column":58}},"1":{"start":{"line":3,"column":0},"end":{"line":3,"column":50}},"2":{"start":{"line":4,"column":0},"end":{"line":4,"column":58}},"3":{"start":{"line":6,"column":0},"end":{"line":6,"column":50}},"4":{"start":{"line":9,"column":2},"end":{"line":14,"column":3}},"5":{"start":{"line":10,"column":4},"end":{"line":10,"column":27}},"6":{"start":{"line":11,"column":4},"end":{"line":11,"column":55}},"7":{"start":{"line":13,"column":4},"end":{"line":13,"column":34}},"8":{"start":{"line":8,"column":0},"end":{"line":8,"column":15}},"9":{"start":{"line":18,"column":2},"end":{"line":18,"column":34}},"10":{"start":{"line":17,"column":0},"end":{"line":17,"column":15}}},"fnMap":{"0":{"name":"logout","decl":{"start":{"line":8,"column":17},"end":{"line":8,"column":23}},"loc":{"start":{"line":8,"column":23},"end":{"line":15,"column":1}}},"1":{"name":"watchLogout","decl":{"start":{"line":17,"column":17},"end":{"line":17,"column":28}},"loc":{"start":{"line":17,"column":28},"end":{"line":19,"column":1}}}},"branchMap":{},"s":{"0":4,"1":4,"2":4,"3":4,"4":0,"5":0,"6":0,"7":0,"8":4,"9":4,"10":4},"f":{"0":0,"1":4},"b":{}}
,"/Users/vladislavkolos/Desktop/twitter-clone/src/features/authentication/model/index.ts": {"path":"/Users/vladislavkolos/Desktop/twitter-clone/src/features/authentication/model/index.ts","statementMap":{"0":{"start":{"line":1,"column":0},"end":{"line":1,"column":41}},"1":{"start":{"line":3,"column":0},"end":{"line":3,"column":50}},"2":{"start":{"line":4,"column":0},"end":{"line":4,"column":53}},"3":{"start":{"line":5,"column":0},"end":{"line":5,"column":70}},"4":{"start":{"line":8,"column":2},"end":{"line":8,"column":63}},"5":{"start":{"line":7,"column":0},"end":{"line":7,"column":15}}},"fnMap":{"0":{"name":"authenticationSaga","decl":{"start":{"line":7,"column":17},"end":{"line":7,"column":35}},"loc":{"start":{"line":7,"column":35},"end":{"line":9,"column":1}}}},"branchMap":{},"s":{"0":4,"1":4,"2":4,"3":4,"4":4,"5":4},"f":{"0":4},"b":{}}
,"/Users/vladislavkolos/Desktop/twitter-clone/src/features/authentication/registration/config/index.ts": {"path":"/Users/vladislavkolos/Desktop/twitter-clone/src/features/authentication/registration/config/index.ts","statementMap":{"0":{"start":{"line":1,"column":13},"end":{"line":14,"column":2}},"1":{"start":{"line":16,"column":13},"end":{"line":19,"column":3}},"2":{"start":{"line":17,"column":20},"end":{"line":17,"column":32}},"3":{"start":{"line":18,"column":2},"end":{"line":18,"column":64}},"4":{"start":{"line":21,"column":23},"end":{"line":31,"column":1}},"5":{"start":{"line":22,"column":15},"end":{"line":22,"column":55}},"6":{"start":{"line":24,"column":18},"end":{"line":24,"column":20}},"7":{"start":{"line":25,"column":2},"end":{"line":28,"column":3}},"8":{"start":{"line":25,"column":15},"end":{"line":25,"column":16}},"9":{"start":{"line":26,"column":22},"end":{"line":26,"column":35}},"10":{"start":{"line":27,"column":4},"end":{"line":27,"column":57}},"11":{"start":{"line":30,"column":2},"end":{"line":30,"column":17}},"12":{"start":{"line":21,"column":13},"end":{"line":21,"column":23}},"13":{"start":{"line":33,"column":13},"end":{"line":38,"column":2}},"14":{"start":{"line":40,"column":13},"end":{"line":47,"column":2}}},"fnMap":{"0":{"name":"(anonymous_0)","decl":{"start":{"line":16,"column":48},"end":{"line":16,"column":49}},"loc":{"start":{"line":16,"column":61},"end":{"line":19,"column":1}}},"1":{"name":"(anonymous_1)","decl":{"start":{"line":21,"column":23},"end":{"line":21,"column":24}},"loc":{"start":{"line":21,"column":55},"end":{"line":31,"column":1}}}},"branchMap":{},"s":{"0":1,"1":1,"2":25,"3":25,"4":1,"5":2,"6":2,"7":2,"8":2,"9":62,"10":62,"11":2,"12":1,"13":1,"14":1},"f":{"0":25,"1":2},"b":{}}
,"/Users/vladislavkolos/Desktop/twitter-clone/src/features/authentication/registration/model/registration.ts": {"path":"/Users/vladislavkolos/Desktop/twitter-clone/src/features/authentication/registration/model/registration.ts","statementMap":{"0":{"start":{"line":2,"column":0},"end":{"line":2,"column":58}},"1":{"start":{"line":4,"column":0},"end":{"line":4,"column":54}},"2":{"start":{"line":5,"column":0},"end":{"line":5,"column":50}},"3":{"start":{"line":6,"column":0},"end":{"line":6,"column":null}},"4":{"start":{"line":12,"column":0},"end":{"line":12,"column":50}},"5":{"start":{"line":13,"column":0},"end":{"line":13,"column":50}},"6":{"start":{"line":19,"column":2},"end":{"line":32,"column":3}},"7":{"start":{"line":20,"column":4},"end":{"line":20,"column":54}},"8":{"start":{"line":21,"column":4},"end":{"line":21,"column":41}},"9":{"start":{"line":23,"column":4},"end":{"line":27,"column":5}},"10":{"start":{"line":24,"column":6},"end":{"line":26,"column":8}},"11":{"start":{"line":29,"column":4},"end":{"line":29,"column":34}},"12":{"start":{"line":31,"column":4},"end":{"line":31,"column":55}},"13":{"start":{"line":16,"column":0},"end":{"line":16,"column":15}},"14":{"start":{"line":36,"column":2},"end":{"line":41,"column":3}},"15":{"start":{"line":37,"column":4},"end":{"line":37,"column":27}},"16":{"start":{"line":38,"column":4},"end":{"line":38,"column":28}},"17":{"start":{"line":40,"column":4},"end":{"line":40,"column":34}},"18":{"start":{"line":35,"column":0},"end":{"line":35,"column":15}},"19":{"start":{"line":45,"column":2},"end":{"line":45,"column":46}},"20":{"start":{"line":46,"column":2},"end":{"line":46,"column":51}},"21":{"start":{"line":44,"column":0},"end":{"line":44,"column":15}}},"fnMap":{"0":{"name":"registration","decl":{"start":{"line":16,"column":17},"end":{"line":16,"column":29}},"loc":{"start":{"line":17,"column":44},"end":{"line":33,"column":1}}},"1":{"name":"googleRegistration","decl":{"start":{"line":35,"column":17},"end":{"line":35,"column":35}},"loc":{"start":{"line":35,"column":35},"end":{"line":42,"column":1}}},"2":{"name":"watchRegistraion","decl":{"start":{"line":44,"column":17},"end":{"line":44,"column":33}},"loc":{"start":{"line":44,"column":33},"end":{"line":47,"column":1}}}},"branchMap":{"0":{"loc":{"start":{"line":23,"column":4},"end":{"line":27,"column":5}},"type":"if","locations":[{"start":{"line":23,"column":4},"end":{"line":27,"column":5}}]}},"s":{"0":4,"1":4,"2":4,"3":4,"4":4,"5":4,"6":0,"7":0,"8":0,"9":0,"10":0,"11":0,"12":0,"13":4,"14":0,"15":0,"16":0,"17":0,"18":4,"19":4,"20":4,"21":4},"f":{"0":0,"1":0,"2":4},"b":{"0":[0]}}
,"/Users/vladislavkolos/Desktop/twitter-clone/src/features/authentication/registration/model/registrationScheme.ts": {"path":"/Users/vladislavkolos/Desktop/twitter-clone/src/features/authentication/registration/model/registrationScheme.ts","statementMap":{"0":{"start":{"line":1,"column":0},"end":{"line":1,"column":33}},"1":{"start":{"line":5,"column":19},"end":{"line":6,"column":null}},"2":{"start":{"line":9,"column":13},"end":{"line":17,"column":3}}},"fnMap":{},"branchMap":{},"s":{"0":1,"1":1,"2":1},"f":{},"b":{}}
,"/Users/vladislavkolos/Desktop/twitter-clone/src/features/authentication/registration/ui/RegistrationForm.tsx": {"path":"/Users/vladislavkolos/Desktop/twitter-clone/src/features/authentication/registration/ui/RegistrationForm.tsx","statementMap":{"0":{"start":{"line":1,"column":0},"end":{"line":1,"column":36}},"1":{"start":{"line":2,"column":0},"end":{"line":2,"column":54}},"2":{"start":{"line":3,"column":0},"end":{"line":3,"column":40}},"3":{"start":{"line":4,"column":0},"end":{"line":4,"column":54}},"4":{"start":{"line":6,"column":0},"end":{"line":6,"column":47}},"5":{"start":{"line":7,"column":0},"end":{"line":7,"column":44}},"6":{"start":{"line":8,"column":0},"end":{"line":8,"column":51}},"7":{"start":{"line":10,"column":0},"end":{"line":10,"column":79}},"8":{"start":{"line":11,"column":0},"end":{"line":11,"column":65}},"9":{"start":{"line":16,"column":60},"end":{"line":111,"column":1}},"10":{"start":{"line":22,"column":6},"end":{"line":34,"column":4}},"11":{"start":{"line":36,"column":27},"end":{"line":38,"column":3}},"12":{"start":{"line":37,"column":4},"end":{"line":37,"column":19}},"13":{"start":{"line":40,"column":24},"end":{"line":40,"column":48}},"14":{"start":{"line":42,"column":15},"end":{"line":42,"column":65}},"15":{"start":{"line":42,"column":29},"end":{"line":42,"column":49}},"16":{"start":{"line":44,"column":69},"end":{"line":48,"column":4}},"17":{"start":{"line":50,"column":27},"end":{"line":50,"column":57}},"18":{"start":{"line":52,"column":2},"end":{"line":110,"column":4}},"19":{"start":{"line":55,"column":8},"end":{"line":57,"column":null}},"20":{"start":{"line":60,"column":12},"end":{"line":65,"column":null}},"21":{"start":{"line":85,"column":10},"end":{"line":87,"column":null}},"22":{"start":{"line":90,"column":14},"end":{"line":95,"column":null}},"23":{"start":{"line":16,"column":13},"end":{"line":16,"column":60}}},"fnMap":{"0":{"name":"(anonymous_0)","decl":{"start":{"line":16,"column":60},"end":{"line":16,"column":61}},"loc":{"start":{"line":16,"column":77},"end":{"line":111,"column":1}}},"1":{"name":"(anonymous_1)","decl":{"start":{"line":36,"column":27},"end":{"line":36,"column":28}},"loc":{"start":{"line":36,"column":59},"end":{"line":38,"column":3}}},"2":{"name":"(anonymous_2)","decl":{"start":{"line":42,"column":23},"end":{"line":42,"column":26}},"loc":{"start":{"line":42,"column":29},"end":{"line":42,"column":49}}},"3":{"name":"(anonymous_3)","decl":{"start":{"line":54,"column":22},"end":{"line":54,"column":23}},"loc":{"start":{"line":55,"column":8},"end":{"line":57,"column":null}}},"4":{"name":"(anonymous_4)","decl":{"start":{"line":59,"column":18},"end":{"line":59,"column":19}},"loc":{"start":{"line":60,"column":12},"end":{"line":65,"column":null}}},"5":{"name":"(anonymous_5)","decl":{"start":{"line":84,"column":28},"end":{"line":84,"column":29}},"loc":{"start":{"line":85,"column":10},"end":{"line":87,"column":null}}},"6":{"name":"(anonymous_6)","decl":{"start":{"line":89,"column":20},"end":{"line":89,"column":21}},"loc":{"start":{"line":90,"column":14},"end":{"line":95,"column":null}}}},"branchMap":{"0":{"loc":{"start":{"line":91,"column":27},"end":{"line":91,"column":58}},"type":"cond-expr","locations":[{"start":{"line":91,"column":41},"end":{"line":91,"column":53}},{"start":{"line":91,"column":56},"end":{"line":91,"column":58}}]}},"s":{"0":1,"1":1,"2":1,"3":1,"4":1,"5":1,"6":1,"7":1,"8":1,"9":1,"10":3,"11":3,"12":1,"13":3,"14":3,"15":2,"16":3,"17":3,"18":3,"19":12,"20":16,"21":9,"22":9,"23":1},"f":{"0":3,"1":1,"2":2,"3":12,"4":16,"5":9,"6":9},"b":{"0":[3,6]}}
,"/Users/vladislavkolos/Desktop/twitter-clone/src/features/profile/editProfile/api/EditProfileApi.ts": {"path":"/Users/vladislavkolos/Desktop/twitter-clone/src/features/profile/editProfile/api/EditProfileApi.ts","statementMap":{"0":{"start":{"line":1,"column":0},"end":{"line":1,"column":47}},"1":{"start":{"line":4,"column":0},"end":{"line":4,"column":58}},"2":{"start":{"line":5,"column":0},"end":{"line":5,"column":61}},"3":{"start":{"line":7,"column":34},"end":{"line":35,"column":1}},"4":{"start":{"line":11,"column":2},"end":{"line":11,"column":27}},"5":{"start":{"line":13,"column":22},"end":{"line":13,"column":61}},"6":{"start":{"line":14,"column":19},"end":{"line":14,"column":47}},"7":{"start":{"line":16,"column":36},"end":{"line":16,"column":44}},"8":{"start":{"line":18,"column":2},"end":{"line":21,"column":5}},"9":{"start":{"line":23,"column":2},"end":{"line":27,"column":3}},"10":{"start":{"line":24,"column":4},"end":{"line":26,"column":7}},"11":{"start":{"line":29,"column":2},"end":{"line":31,"column":3}},"12":{"start":{"line":30,"column":4},"end":{"line":30,"column":54}},"13":{"start":{"line":33,"column":15},"end":{"line":33,"column":38}},"14":{"start":{"line":34,"column":2},"end":{"line":34,"column":30}},"15":{"start":{"line":7,"column":13},"end":{"line":7,"column":34}}},"fnMap":{"0":{"name":"(anonymous_0)","decl":{"start":{"line":7,"column":34},"end":{"line":7,"column":39}},"loc":{"start":{"line":10,"column":20},"end":{"line":35,"column":1}}}},"branchMap":{"0":{"loc":{"start":{"line":23,"column":2},"end":{"line":27,"column":3}},"type":"if","locations":[{"start":{"line":23,"column":2},"end":{"line":27,"column":3}}]},"1":{"loc":{"start":{"line":29,"column":2},"end":{"line":31,"column":3}},"type":"if","locations":[{"start":{"line":29,"column":2},"end":{"line":31,"column":3}}]}},"s":{"0":4,"1":4,"2":4,"3":4,"4":0,"5":0,"6":0,"7":0,"8":0,"9":0,"10":0,"11":0,"12":0,"13":0,"14":0,"15":4},"f":{"0":0},"b":{"0":[0],"1":[0]}}
,"/Users/vladislavkolos/Desktop/twitter-clone/src/features/profile/editProfile/model/EditProfile.ts": {"path":"/Users/vladislavkolos/Desktop/twitter-clone/src/features/profile/editProfile/model/EditProfile.ts","statementMap":{"0":{"start":{"line":2,"column":0},"end":{"line":2,"column":58}},"1":{"start":{"line":4,"column":0},"end":{"line":4,"column":54}},"2":{"start":{"line":5,"column":0},"end":{"line":5,"column":50}},"3":{"start":{"line":8,"column":0},"end":{"line":8,"column":53}},"4":{"start":{"line":9,"column":0},"end":{"line":9,"column":59}},"5":{"start":{"line":17,"column":35},"end":{"line":17,"column":49}},"6":{"start":{"line":18,"column":2},"end":{"line":39,"column":3}},"7":{"start":{"line":19,"column":4},"end":{"line":19,"column":48}},"8":{"start":{"line":20,"column":17},"end":{"line":20,"column":69}},"9":{"start":{"line":21,"column":4},"end":{"line":21,"column":59}},"10":{"start":{"line":22,"column":4},"end":{"line":27,"column":6}},"11":{"start":{"line":29,"column":4},"end":{"line":36,"column":5}},"12":{"start":{"line":30,"column":6},"end":{"line":35,"column":8}},"13":{"start":{"line":38,"column":4},"end":{"line":38,"column":49}},"14":{"start":{"line":11,"column":0},"end":{"line":11,"column":15}},"15":{"start":{"line":43,"column":2},"end":{"line":43,"column":47}},"16":{"start":{"line":42,"column":0},"end":{"line":42,"column":15}}},"fnMap":{"0":{"name":"editProfile","decl":{"start":{"line":11,"column":17},"end":{"line":11,"column":28}},"loc":{"start":{"line":15,"column":4},"end":{"line":40,"column":1}}},"1":{"name":"watchEditProfile","decl":{"start":{"line":42,"column":17},"end":{"line":42,"column":33}},"loc":{"start":{"line":42,"column":33},"end":{"line":44,"column":1}}}},"branchMap":{"0":{"loc":{"start":{"line":29,"column":4},"end":{"line":36,"column":5}},"type":"if","locations":[{"start":{"line":29,"column":4},"end":{"line":36,"column":5}}]}},"s":{"0":4,"1":4,"2":4,"3":4,"4":4,"5":0,"6":0,"7":0,"8":0,"9":0,"10":0,"11":0,"12":0,"13":0,"14":4,"15":4,"16":4},"f":{"0":0,"1":4},"b":{"0":[0]}}
,"/Users/vladislavkolos/Desktop/twitter-clone/src/features/profile/model/actions.ts": {"path":"/Users/vladislavkolos/Desktop/twitter-clone/src/features/profile/model/actions.ts","statementMap":{"0":{"start":{"line":1,"column":0},"end":{"line":1,"column":48}},"1":{"start":{"line":5,"column":13},"end":{"line":8,"column":29}}},"fnMap":{},"branchMap":{},"s":{"0":4,"1":4},"f":{},"b":{}}
,"/Users/vladislavkolos/Desktop/twitter-clone/src/features/tweet/addTweet/api/postTweet.ts": {"path":"/Users/vladislavkolos/Desktop/twitter-clone/src/features/tweet/addTweet/api/postTweet.ts","statementMap":{"0":{"start":{"line":1,"column":0},"end":{"line":1,"column":26}},"1":{"start":{"line":4,"column":0},"end":{"line":4,"column":60}},"2":{"start":{"line":5,"column":0},"end":{"line":5,"column":61}},"3":{"start":{"line":6,"column":25},"end":{"line":33,"column":1}},"4":{"start":{"line":7,"column":2},"end":{"line":32,"column":3}},"5":{"start":{"line":8,"column":21},"end":{"line":8,"column":49}},"6":{"start":{"line":9,"column":15},"end":{"line":9,"column":19}},"7":{"start":{"line":10,"column":4},"end":{"line":19,"column":9}},"8":{"start":{"line":21,"column":16},"end":{"line":21,"column":59}},"9":{"start":{"line":22,"column":26},"end":{"line":22,"column":37}},"10":{"start":{"line":23,"column":4},"end":{"line":29,"column":9}},"11":{"start":{"line":31,"column":4},"end":{"line":31,"column":25}},"12":{"start":{"line":6,"column":13},"end":{"line":6,"column":25}}},"fnMap":{"0":{"name":"(anonymous_0)","decl":{"start":{"line":6,"column":25},"end":{"line":6,"column":30}},"loc":{"start":{"line":6,"column":61},"end":{"line":33,"column":1}}}},"branchMap":{"0":{"loc":{"start":{"line":17,"column":15},"end":{"line":17,"column":29}},"type":"binary-expr","locations":[{"start":{"line":17,"column":15},"end":{"line":17,"column":23}},{"start":{"line":17,"column":27},"end":{"line":17,"column":29}}]}},"s":{"0":4,"1":4,"2":4,"3":4,"4":0,"5":0,"6":0,"7":0,"8":0,"9":0,"10":0,"11":0,"12":4},"f":{"0":0},"b":{"0":[0,0]}}
,"/Users/vladislavkolos/Desktop/twitter-clone/src/features/tweet/addTweet/model/addTweet.ts": {"path":"/Users/vladislavkolos/Desktop/twitter-clone/src/features/tweet/addTweet/model/addTweet.ts","statementMap":{"0":{"start":{"line":2,"column":0},"end":{"line":2,"column":58}},"1":{"start":{"line":4,"column":0},"end":{"line":4,"column":74}},"2":{"start":{"line":5,"column":0},"end":{"line":5,"column":58}},"3":{"start":{"line":8,"column":0},"end":{"line":8,"column":45}},"4":{"start":{"line":11,"column":2},"end":{"line":18,"column":3}},"5":{"start":{"line":12,"column":4},"end":{"line":12,"column":51}},"6":{"start":{"line":14,"column":4},"end":{"line":14,"column":40}},"7":{"start":{"line":15,"column":4},"end":{"line":15,"column":60}},"8":{"start":{"line":17,"column":4},"end":{"line":17,"column":23}},"9":{"start":{"line":10,"column":0},"end":{"line":10,"column":15}},"10":{"start":{"line":22,"column":2},"end":{"line":22,"column":42}},"11":{"start":{"line":21,"column":0},"end":{"line":21,"column":15}}},"fnMap":{"0":{"name":"addTweet","decl":{"start":{"line":10,"column":17},"end":{"line":10,"column":25}},"loc":{"start":{"line":10,"column":66},"end":{"line":19,"column":1}}},"1":{"name":"watchAddTweet","decl":{"start":{"line":21,"column":17},"end":{"line":21,"column":30}},"loc":{"start":{"line":21,"column":30},"end":{"line":23,"column":1}}}},"branchMap":{},"s":{"0":4,"1":4,"2":4,"3":4,"4":0,"5":0,"6":0,"7":0,"8":0,"9":4,"10":4,"11":4},"f":{"0":0,"1":4},"b":{}}
,"/Users/vladislavkolos/Desktop/twitter-clone/src/features/tweet/likeTweet/api/postLikeTweet.ts": {"path":"/Users/vladislavkolos/Desktop/twitter-clone/src/features/tweet/likeTweet/api/postLikeTweet.ts","statementMap":{"0":{"start":{"line":1,"column":0},"end":{"line":1,"column":61}},"1":{"start":{"line":3,"column":0},"end":{"line":3,"column":52}},"2":{"start":{"line":5,"column":29},"end":{"line":14,"column":1}},"3":{"start":{"line":6,"column":20},"end":{"line":6,"column":55}},"4":{"start":{"line":7,"column":16},"end":{"line":7,"column":37}},"5":{"start":{"line":9,"column":26},"end":{"line":9,"column":70}},"6":{"start":{"line":11,"column":2},"end":{"line":13,"column":5}},"7":{"start":{"line":5,"column":13},"end":{"line":5,"column":29}}},"fnMap":{"0":{"name":"(anonymous_0)","decl":{"start":{"line":5,"column":29},"end":{"line":5,"column":34}},"loc":{"start":{"line":5,"column":70},"end":{"line":14,"column":1}}}},"branchMap":{"0":{"loc":{"start":{"line":12,"column":18},"end":{"line":12,"column":76}},"type":"cond-expr","locations":[{"start":{"line":12,"column":36},"end":{"line":12,"column":55}},{"start":{"line":12,"column":58},"end":{"line":12,"column":76}}]}},"s":{"0":4,"1":4,"2":4,"3":0,"4":0,"5":0,"6":0,"7":4},"f":{"0":0},"b":{"0":[0,0]}}
,"/Users/vladislavkolos/Desktop/twitter-clone/src/features/tweet/likeTweet/model/likeTweet.ts": {"path":"/Users/vladislavkolos/Desktop/twitter-clone/src/features/tweet/likeTweet/model/likeTweet.ts","statementMap":{"0":{"start":{"line":2,"column":0},"end":{"line":2,"column":66}},"1":{"start":{"line":4,"column":0},"end":{"line":4,"column":60}},"2":{"start":{"line":5,"column":0},"end":{"line":5,"column":58}},"3":{"start":{"line":7,"column":0},"end":{"line":7,"column":53}},"4":{"start":{"line":12,"column":29},"end":{"line":12,"column":43}},"5":{"start":{"line":14,"column":2},"end":{"line":21,"column":3}},"6":{"start":{"line":15,"column":4},"end":{"line":15,"column":66}},"7":{"start":{"line":17,"column":4},"end":{"line":17,"column":21}},"8":{"start":{"line":18,"column":4},"end":{"line":18,"column":46}},"9":{"start":{"line":20,"column":4},"end":{"line":20,"column":19}},"10":{"start":{"line":25,"column":2},"end":{"line":25,"column":42}},"11":{"start":{"line":24,"column":0},"end":{"line":24,"column":15}}},"fnMap":{"0":{"name":"likeTweet","decl":{"start":{"line":9,"column":10},"end":{"line":9,"column":19}},"loc":{"start":{"line":10,"column":59},"end":{"line":22,"column":1}}},"1":{"name":"watchLikeTweet","decl":{"start":{"line":24,"column":17},"end":{"line":24,"column":31}},"loc":{"start":{"line":24,"column":31},"end":{"line":26,"column":1}}}},"branchMap":{},"s":{"0":4,"1":4,"2":4,"3":4,"4":0,"5":0,"6":0,"7":0,"8":0,"9":0,"10":4,"11":4},"f":{"0":0,"1":4},"b":{}}
,"/Users/vladislavkolos/Desktop/twitter-clone/src/shared/api/firebase/instance.ts": {"path":"/Users/vladislavkolos/Desktop/twitter-clone/src/shared/api/firebase/instance.ts","statementMap":{"0":{"start":{"line":1,"column":0},"end":{"line":1,"column":60}},"1":{"start":{"line":2,"column":0},"end":{"line":2,"column":43}},"2":{"start":{"line":3,"column":0},"end":{"line":3,"column":46}},"3":{"start":{"line":4,"column":0},"end":{"line":4,"column":34}},"4":{"start":{"line":6,"column":0},"end":{"line":6,"column":35}},"5":{"start":{"line":8,"column":23},"end":{"line":15,"column":2}},"6":{"start":{"line":17,"column":13},"end":{"line":17,"column":58}},"7":{"start":{"line":18,"column":13},"end":{"line":18,"column":33}},"8":{"start":{"line":19,"column":13},"end":{"line":19,"column":49}},"9":{"start":{"line":20,"column":13},"end":{"line":20,"column":42}},"10":{"start":{"line":21,"column":13},"end":{"line":21,"column":39}},"11":{"start":{"line":23,"column":13},"end":{"line":33,"column":3}}},"fnMap":{},"branchMap":{"0":{"loc":{"start":{"line":9,"column":10},"end":{"line":9,"column":43}},"type":"binary-expr","locations":[{"start":{"line":9,"column":10},"end":{"line":9,"column":33}},{"start":{"line":9,"column":37},"end":{"line":9,"column":43}}]},"1":{"loc":{"start":{"line":10,"column":14},"end":{"line":10,"column":51}},"type":"binary-expr","locations":[{"start":{"line":10,"column":14},"end":{"line":10,"column":41}},{"start":{"line":10,"column":45},"end":{"line":10,"column":51}}]},"2":{"loc":{"start":{"line":11,"column":13},"end":{"line":11,"column":49}},"type":"binary-expr","locations":[{"start":{"line":11,"column":13},"end":{"line":11,"column":39}},{"start":{"line":11,"column":43},"end":{"line":11,"column":49}}]},"3":{"loc":{"start":{"line":12,"column":17},"end":{"line":12,"column":57}},"type":"binary-expr","locations":[{"start":{"line":12,"column":17},"end":{"line":12,"column":47}},{"start":{"line":12,"column":51},"end":{"line":12,"column":57}}]},"4":{"loc":{"start":{"line":13,"column":21},"end":{"line":13,"column":65}},"type":"binary-expr","locations":[{"start":{"line":13,"column":21},"end":{"line":13,"column":55}},{"start":{"line":13,"column":59},"end":{"line":13,"column":65}}]},"5":{"loc":{"start":{"line":14,"column":9},"end":{"line":14,"column":41}},"type":"binary-expr","locations":[{"start":{"line":14,"column":9},"end":{"line":14,"column":31}},{"start":{"line":14,"column":35},"end":{"line":14,"column":41}}]}},"s":{"0":4,"1":4,"2":4,"3":4,"4":4,"5":4,"6":4,"7":4,"8":4,"9":4,"10":4,"11":4},"f":{},"b":{"0":[4,4],"1":[4,4],"2":[4,4],"3":[4,4],"4":[4,4],"5":[4,4]}}
,"/Users/vladislavkolos/Desktop/twitter-clone/src/shared/api/storage/uploadFile.ts": {"path":"/Users/vladislavkolos/Desktop/twitter-clone/src/shared/api/storage/uploadFile.ts","statementMap":{"0":{"start":{"line":1,"column":0},"end":{"line":1,"column":68}},"1":{"start":{"line":2,"column":0},"end":{"line":2,"column":26}},"2":{"start":{"line":4,"column":0},"end":{"line":4,"column":47}},"3":{"start":{"line":6,"column":26},"end":{"line":17,"column":1}},"4":{"start":{"line":7,"column":2},"end":{"line":7,"column":20}},"5":{"start":{"line":7,"column":13},"end":{"line":7,"column":20}},"6":{"start":{"line":8,"column":17},"end":{"line":8,"column":21}},"7":{"start":{"line":9,"column":21},"end":{"line":9,"column":41}},"8":{"start":{"line":10,"column":2},"end":{"line":12,"column":5}},"9":{"start":{"line":14,"column":14},"end":{"line":14,"column":46}},"10":{"start":{"line":16,"column":2},"end":{"line":16,"column":13}},"11":{"start":{"line":6,"column":13},"end":{"line":6,"column":26}}},"fnMap":{"0":{"name":"(anonymous_0)","decl":{"start":{"line":6,"column":26},"end":{"line":6,"column":31}},"loc":{"start":{"line":6,"column":48},"end":{"line":17,"column":1}}}},"branchMap":{"0":{"loc":{"start":{"line":7,"column":2},"end":{"line":7,"column":20}},"type":"if","locations":[{"start":{"line":7,"column":2},"end":{"line":7,"column":20}}]}},"s":{"0":4,"1":4,"2":4,"3":4,"4":0,"5":0,"6":0,"7":0,"8":0,"9":0,"10":0,"11":4},"f":{"0":0},"b":{"0":[0]}}
,"/Users/vladislavkolos/Desktop/twitter-clone/src/shared/const/icons.ts": {"path":"/Users/vladislavkolos/Desktop/twitter-clone/src/shared/const/icons.ts","statementMap":{"0":{"start":{"line":1,"column":0},"end":{"line":1,"column":58}},"1":{"start":{"line":2,"column":0},"end":{"line":2,"column":64}},"2":{"start":{"line":3,"column":0},"end":{"line":3,"column":64}},"3":{"start":{"line":4,"column":0},"end":{"line":4,"column":56}},"4":{"start":{"line":5,"column":0},"end":{"line":5,"column":60}},"5":{"start":{"line":6,"column":0},"end":{"line":6,"column":58}},"6":{"start":{"line":7,"column":0},"end":{"line":7,"column":54}},"7":{"start":{"line":8,"column":0},"end":{"line":8,"column":56}},"8":{"start":{"line":9,"column":0},"end":{"line":9,"column":54}},"9":{"start":{"line":10,"column":0},"end":{"line":10,"column":56}},"10":{"start":{"line":11,"column":0},"end":{"line":11,"column":58}},"11":{"start":{"line":12,"column":0},"end":{"line":12,"column":62}},"12":{"start":{"line":13,"column":0},"end":{"line":13,"column":54}},"13":{"start":{"line":14,"column":0},"end":{"line":14,"column":70}},"14":{"start":{"line":15,"column":0},"end":{"line":15,"column":60}},"15":{"start":{"line":16,"column":0},"end":{"line":16,"column":58}},"16":{"start":{"line":17,"column":0},"end":{"line":17,"column":60}},"17":{"start":{"line":18,"column":13},"end":{"line":36,"column":2}}},"fnMap":{},"branchMap":{},"s":{"0":9,"1":9,"2":9,"3":9,"4":9,"5":9,"6":9,"7":9,"8":9,"9":9,"10":9,"11":9,"12":9,"13":9,"14":9,"15":9,"16":9,"17":9},"f":{},"b":{}}
,"/Users/vladislavkolos/Desktop/twitter-clone/src/shared/const/routes.ts": {"path":"/Users/vladislavkolos/Desktop/twitter-clone/src/shared/const/routes.ts","statementMap":{"0":{"start":{"line":1,"column":13},"end":{"line":8,"column":2}}},"fnMap":{},"branchMap":{},"s":{"0":1},"f":{},"b":{}}
,"/Users/vladislavkolos/Desktop/twitter-clone/src/shared/const/theme.ts": {"path":"/Users/vladislavkolos/Desktop/twitter-clone/src/shared/const/theme.ts","statementMap":{"0":{"start":{"line":1,"column":0},"end":{"line":1,"column":null}},"1":{"start":{"line":2,"column":2},"end":{"line":2,"column":null}},"2":{"start":{"line":3,"column":2},"end":{"line":3,"column":null}}},"fnMap":{"0":{"name":"(anonymous_0)","decl":{"start":{"line":1,"column":0},"end":{"line":1,"column":12}},"loc":{"start":{"line":1,"column":17},"end":{"line":4,"column":1}}}},"branchMap":{"0":{"loc":{"start":{"line":1,"column":12},"end":{"line":1,"column":null}},"type":"binary-expr","locations":[{"start":{"line":1,"column":12},"end":{"line":1,"column":17}},{"start":{"line":1,"column":17},"end":{"line":1,"column":null}}]}},"s":{"0":4,"1":4,"2":4},"f":{"0":4},"b":{"0":[4,4]}}
,"/Users/vladislavkolos/Desktop/twitter-clone/src/shared/lib/generateRandomProfileId/randomProfileId.ts": {"path":"/Users/vladislavkolos/Desktop/twitter-clone/src/shared/lib/generateRandomProfileId/randomProfileId.ts","statementMap":{"0":{"start":{"line":1,"column":28},"end":{"line":3,"column":1}},"1":{"start":{"line":2,"column":2},"end":{"line":2,"column":48}},"2":{"start":{"line":1,"column":13},"end":{"line":1,"column":28}}},"fnMap":{"0":{"name":"(anonymous_0)","decl":{"start":{"line":1,"column":28},"end":{"line":1,"column":31}},"loc":{"start":{"line":1,"column":33},"end":{"line":3,"column":1}}}},"branchMap":{},"s":{"0":4,"1":0,"2":4},"f":{"0":0},"b":{}}
,"/Users/vladislavkolos/Desktop/twitter-clone/src/shared/lib/hooks/useClickOutside.ts": {"path":"/Users/vladislavkolos/Desktop/twitter-clone/src/shared/lib/hooks/useClickOutside.ts","statementMap":{"0":{"start":{"line":1,"column":0},"end":{"line":1,"column":45}},"1":{"start":{"line":3,"column":33},"end":{"line":24,"column":1}},"2":{"start":{"line":7,"column":2},"end":{"line":7,"column":6}},"3":{"start":{"line":9,"column":2},"end":{"line":21,"column":21}},"4":{"start":{"line":10,"column":31},"end":{"line":14,"column":5}},"5":{"start":{"line":11,"column":6},"end":{"line":13,"column":7}},"6":{"start":{"line":12,"column":8},"end":{"line":12,"column":23}},"7":{"start":{"line":16,"column":4},"end":{"line":16,"column":63}},"8":{"start":{"line":18,"column":4},"end":{"line":20,"column":6}},"9":{"start":{"line":19,"column":6},"end":{"line":19,"column":68}},"10":{"start":{"line":23,"column":2},"end":{"line":23,"column":13}},"11":{"start":{"line":3,"column":13},"end":{"line":3,"column":33}}},"fnMap":{"0":{"name":"(anonymous_0)","decl":{"start":{"line":3,"column":33},"end":{"line":3,"column":null}},"loc":{"start":{"line":6,"column":4},"end":{"line":24,"column":1}}},"1":{"name":"(anonymous_1)","decl":{"start":{"line":9,"column":12},"end":{"line":9,"column":15}},"loc":{"start":{"line":9,"column":17},"end":{"line":21,"column":3}}},"2":{"name":"(anonymous_2)","decl":{"start":{"line":10,"column":31},"end":{"line":10,"column":32}},"loc":{"start":{"line":10,"column":66},"end":{"line":14,"column":5}}},"3":{"name":"(anonymous_3)","decl":{"start":{"line":18,"column":11},"end":{"line":18,"column":14}},"loc":{"start":{"line":18,"column":16},"end":{"line":20,"column":5}}}},"branchMap":{"0":{"loc":{"start":{"line":11,"column":6},"end":{"line":13,"column":7}},"type":"if","locations":[{"start":{"line":11,"column":6},"end":{"line":13,"column":7}}]},"1":{"loc":{"start":{"line":11,"column":10},"end":{"line":11,"column":68}},"type":"binary-expr","locations":[{"start":{"line":11,"column":10},"end":{"line":11,"column":21}},{"start":{"line":11,"column":25},"end":{"line":11,"column":68}}]}},"s":{"0":5,"1":5,"2":3,"3":3,"4":3,"5":0,"6":0,"7":3,"8":3,"9":3,"10":3,"11":5},"f":{"0":3,"1":3,"2":0,"3":3},"b":{"0":[0],"1":[0,0]}}
,"/Users/vladislavkolos/Desktop/twitter-clone/src/shared/model/hooks.ts": {"path":"/Users/vladislavkolos/Desktop/twitter-clone/src/shared/model/hooks.ts","statementMap":{"0":{"start":{"line":1,"column":0},"end":{"line":1,"column":null}},"1":{"start":{"line":7,"column":13},"end":{"line":7,"column":55}},"2":{"start":{"line":8,"column":13},"end":{"line":8,"column":75}}},"fnMap":{},"branchMap":{},"s":{"0":2,"1":2,"2":2},"f":{},"b":{}}
,"/Users/vladislavkolos/Desktop/twitter-clone/src/shared/ui/index.tsx": {"path":"/Users/vladislavkolos/Desktop/twitter-clone/src/shared/ui/index.tsx","statementMap":{"0":{"start":{"line":1,"column":0},"end":{"line":1,"column":9}},"1":{"start":{"line":1,"column":9},"end":{"line":1,"column":53}},"2":{"start":{"line":2,"column":0},"end":{"line":2,"column":9}},"3":{"start":{"line":2,"column":9},"end":{"line":2,"column":41}},"4":{"start":{"line":3,"column":0},"end":{"line":3,"column":9}},"5":{"start":{"line":3,"column":9},"end":{"line":3,"column":41}},"6":{"start":{"line":4,"column":0},"end":{"line":4,"column":9}},"7":{"start":{"line":4,"column":9},"end":{"line":4,"column":68}},"8":{"start":{"line":5,"column":0},"end":{"line":5,"column":9}},"9":{"start":{"line":5,"column":9},"end":{"line":5,"column":38}},"10":{"start":{"line":6,"column":0},"end":{"line":6,"column":9}},"11":{"start":{"line":6,"column":9},"end":{"line":6,"column":41}},"12":{"start":{"line":7,"column":0},"end":{"line":7,"column":9}},"13":{"start":{"line":7,"column":9},"end":{"line":7,"column":38}}},"fnMap":{"0":{"name":"(anonymous_0)","decl":{"start":{"line":1,"column":9},"end":{"line":1,"column":19}},"loc":{"start":{"line":1,"column":9},"end":{"line":1,"column":53}}},"1":{"name":"(anonymous_1)","decl":{"start":{"line":2,"column":9},"end":{"line":2,"column":15}},"loc":{"start":{"line":2,"column":9},"end":{"line":2,"column":41}}},"2":{"name":"(anonymous_2)","decl":{"start":{"line":3,"column":9},"end":{"line":3,"column":15}},"loc":{"start":{"line":3,"column":9},"end":{"line":3,"column":41}}},"3":{"name":"(anonymous_3)","decl":{"start":{"line":4,"column":9},"end":{"line":4,"column":24}},"loc":{"start":{"line":4,"column":9},"end":{"line":4,"column":68}}},"4":{"name":"(anonymous_4)","decl":{"start":{"line":5,"column":9},"end":{"line":5,"column":14}},"loc":{"start":{"line":5,"column":9},"end":{"line":5,"column":38}}},"5":{"name":"(anonymous_5)","decl":{"start":{"line":6,"column":9},"end":{"line":6,"column":15}},"loc":{"start":{"line":6,"column":9},"end":{"line":6,"column":41}}},"6":{"name":"(anonymous_6)","decl":{"start":{"line":7,"column":9},"end":{"line":7,"column":14}},"loc":{"start":{"line":7,"column":9},"end":{"line":7,"column":38}}}},"branchMap":{},"s":{"0":4,"1":4,"2":4,"3":13,"4":4,"5":9,"6":4,"7":4,"8":4,"9":28,"10":4,"11":4,"12":4,"13":4},"f":{"0":0,"1":9,"2":5,"3":0,"4":24,"5":0,"6":0},"b":{}}
,"/Users/vladislavkolos/Desktop/twitter-clone/src/shared/ui/AddPicture/AddPicture.tsx": {"path":"/Users/vladislavkolos/Desktop/twitter-clone/src/shared/ui/AddPicture/AddPicture.tsx","statementMap":{"0":{"start":{"line":3,"column":0},"end":{"line":3,"column":36}},"1":{"start":{"line":7,"column":48},"end":{"line":24,"column":1}},"2":{"start":{"line":8,"column":2},"end":{"line":23,"column":4}},"3":{"start":{"line":16,"column":10},"end":{"line":16,"column":38}},"4":{"start":{"line":16,"column":31},"end":{"line":16,"column":38}},"5":{"start":{"line":17,"column":10},"end":{"line":17,"column":38}},"6":{"start":{"line":7,"column":13},"end":{"line":7,"column":48}}},"fnMap":{"0":{"name":"(anonymous_0)","decl":{"start":{"line":7,"column":48},"end":{"line":7,"column":49}},"loc":{"start":{"line":7,"column":72},"end":{"line":24,"column":1}}},"1":{"name":"(anonymous_1)","decl":{"start":{"line":15,"column":18},"end":{"line":15,"column":19}},"loc":{"start":{"line":15,"column":24},"end":{"line":18,"column":9}}}},"branchMap":{"0":{"loc":{"start":{"line":16,"column":10},"end":{"line":16,"column":38}},"type":"if","locations":[{"start":{"line":16,"column":10},"end":{"line":16,"column":38}}]}},"s":{"0":5,"1":5,"2":2,"3":0,"4":0,"5":0,"6":5},"f":{"0":2,"1":0},"b":{"0":[0]}}
,"/Users/vladislavkolos/Desktop/twitter-clone/src/shared/ui/Avatar/Avatar.tsx": {"path":"/Users/vladislavkolos/Desktop/twitter-clone/src/shared/ui/Avatar/Avatar.tsx","statementMap":{"0":{"start":{"line":1,"column":0},"end":{"line":1,"column":33}},"1":{"start":{"line":2,"column":0},"end":{"line":2,"column":28}},"2":{"start":{"line":4,"column":0},"end":{"line":4,"column":57}},"3":{"start":{"line":8,"column":13},"end":{"line":20,"column":3}},"4":{"start":{"line":9,"column":2},"end":{"line":19,"column":4}}},"fnMap":{"0":{"name":"(anonymous_1)","decl":{"start":{"line":8,"column":45},"end":{"line":8,"column":46}},"loc":{"start":{"line":8,"column":70},"end":{"line":20,"column":1}}}},"branchMap":{"0":{"loc":{"start":{"line":8,"column":53},"end":{"line":8,"column":64}},"type":"default-arg","locations":[{"start":{"line":8,"column":60},"end":{"line":8,"column":64}}]},"1":{"loc":{"start":{"line":11,"column":11},"end":{"line":11,"column":31}},"type":"binary-expr","locations":[{"start":{"line":11,"column":11},"end":{"line":11,"column":14}},{"start":{"line":11,"column":18},"end":{"line":11,"column":31}}]}},"s":{"0":5,"1":5,"2":5,"3":5,"4":14},"f":{"0":14},"b":{"0":[8],"1":[14,1]}}
,"/Users/vladislavkolos/Desktop/twitter-clone/src/shared/ui/Button/Button.tsx": {"path":"/Users/vladislavkolos/Desktop/twitter-clone/src/shared/ui/Button/Button.tsx","statementMap":{"0":{"start":{"line":2,"column":0},"end":{"line":2,"column":28}},"1":{"start":{"line":6,"column":40},"end":{"line":36,"column":1}},"2":{"start":{"line":15,"column":2},"end":{"line":35,"column":4}},"3":{"start":{"line":6,"column":13},"end":{"line":6,"column":40}}},"fnMap":{"0":{"name":"(anonymous_1)","decl":{"start":{"line":6,"column":40},"end":{"line":6,"column":41}},"loc":{"start":{"line":14,"column":5},"end":{"line":36,"column":1}}}},"branchMap":{"0":{"loc":{"start":{"line":11,"column":2},"end":{"line":11,"column":21}},"type":"default-arg","locations":[{"start":{"line":11,"column":12},"end":{"line":11,"column":21}}]},"1":{"loc":{"start":{"line":32,"column":7},"end":{"line":32,"column":63}},"type":"binary-expr","locations":[{"start":{"line":32,"column":7},"end":{"line":32,"column":11}},{"start":{"line":32,"column":15},"end":{"line":32,"column":63}}]}},"s":{"0":5,"1":5,"2":8,"3":5},"f":{"0":8},"b":{"0":[7],"1":[8,0]}}
,"/Users/vladislavkolos/Desktop/twitter-clone/src/shared/ui/Drawer/Drawer.tsx": {"path":"/Users/vladislavkolos/Desktop/twitter-clone/src/shared/ui/Drawer/Drawer.tsx","statementMap":{"0":{"start":{"line":3,"column":0},"end":{"line":3,"column":36}},"1":{"start":{"line":7,"column":40},"end":{"line":23,"column":1}},"2":{"start":{"line":8,"column":2},"end":{"line":22,"column":4}},"3":{"start":{"line":7,"column":13},"end":{"line":7,"column":40}}},"fnMap":{"0":{"name":"(anonymous_0)","decl":{"start":{"line":7,"column":40},"end":{"line":7,"column":41}},"loc":{"start":{"line":7,"column":73},"end":{"line":23,"column":1}}}},"branchMap":{},"s":{"0":1,"1":1,"2":3,"3":1},"f":{"0":3},"b":{}}
,"/Users/vladislavkolos/Desktop/twitter-clone/src/shared/ui/Icon/Icon.tsx": {"path":"/Users/vladislavkolos/Desktop/twitter-clone/src/shared/ui/Icon/Icon.tsx","statementMap":{"0":{"start":{"line":1,"column":0},"end":{"line":1,"column":33}},"1":{"start":{"line":3,"column":0},"end":{"line":3,"column":46}},"2":{"start":{"line":7,"column":13},"end":{"line":11,"column":3}},"3":{"start":{"line":8,"column":20},"end":{"line":8,"column":35}},"4":{"start":{"line":10,"column":2},"end":{"line":10,"column":53}}},"fnMap":{"0":{"name":"(anonymous_0)","decl":{"start":{"line":7,"column":41},"end":{"line":7,"column":42}},"loc":{"start":{"line":7,"column":64},"end":{"line":11,"column":1}}}},"branchMap":{},"s":{"0":9,"1":9,"2":9,"3":11,"4":11},"f":{"0":11},"b":{}}
,"/Users/vladislavkolos/Desktop/twitter-clone/src/shared/ui/ImageWithUpload/ImageWithUpload.tsx": {"path":"/Users/vladislavkolos/Desktop/twitter-clone/src/shared/ui/ImageWithUpload/ImageWithUpload.tsx","statementMap":{"0":{"start":{"line":1,"column":0},"end":{"line":1,"column":34}},"1":{"start":{"line":5,"column":58},"end":{"line":32,"column":1}},"2":{"start":{"line":9,"column":13},"end":{"line":9,"column":20}},"3":{"start":{"line":11,"column":2},"end":{"line":31,"column":4}},"4":{"start":{"line":24,"column":10},"end":{"line":24,"column":38}},"5":{"start":{"line":24,"column":31},"end":{"line":24,"column":38}},"6":{"start":{"line":25,"column":10},"end":{"line":25,"column":38}},"7":{"start":{"line":5,"column":13},"end":{"line":5,"column":58}}},"fnMap":{"0":{"name":"(anonymous_0)","decl":{"start":{"line":5,"column":58},"end":{"line":5,"column":59}},"loc":{"start":{"line":8,"column":5},"end":{"line":32,"column":1}}},"1":{"name":"(anonymous_1)","decl":{"start":{"line":23,"column":18},"end":{"line":23,"column":19}},"loc":{"start":{"line":23,"column":24},"end":{"line":26,"column":9}}}},"branchMap":{"0":{"loc":{"start":{"line":24,"column":10},"end":{"line":24,"column":38}},"type":"if","locations":[{"start":{"line":24,"column":10},"end":{"line":24,"column":38}}]}},"s":{"0":5,"1":5,"2":2,"3":2,"4":1,"5":0,"6":1,"7":5},"f":{"0":2,"1":1},"b":{"0":[0]}}
,"/Users/vladislavkolos/Desktop/twitter-clone/src/shared/ui/Input/Input.tsx": {"path":"/Users/vladislavkolos/Desktop/twitter-clone/src/shared/ui/Input/Input.tsx","statementMap":{"0":{"start":{"line":1,"column":0},"end":{"line":1,"column":42}},"1":{"start":{"line":5,"column":13},"end":{"line":35,"column":2}},"2":{"start":{"line":7,"column":22},"end":{"line":7,"column":27}},"3":{"start":{"line":9,"column":15},"end":{"line":9,"column":22}},"4":{"start":{"line":11,"column":4},"end":{"line":33,"column":6}}},"fnMap":{"0":{"name":"(anonymous_0)","decl":{"start":{"line":6,"column":2},"end":{"line":6,"column":3}},"loc":{"start":{"line":6,"column":43},"end":{"line":34,"column":3}}}},"branchMap":{"0":{"loc":{"start":{"line":31,"column":9},"end":{"line":31,"column":76}},"type":"binary-expr","locations":[{"start":{"line":31,"column":9},"end":{"line":31,"column":14}},{"start":{"line":31,"column":18},"end":{"line":31,"column":76}}]}},"s":{"0":5,"1":5,"2":25,"3":25,"4":25},"f":{"0":25},"b":{"0":[25,0]}}
,"/Users/vladislavkolos/Desktop/twitter-clone/src/shared/ui/Loader/Loader.tsx": {"path":"/Users/vladislavkolos/Desktop/twitter-clone/src/shared/ui/Loader/Loader.tsx","statementMap":{"0":{"start":{"line":1,"column":0},"end":{"line":1,"column":36}},"1":{"start":{"line":3,"column":22},"end":{"line":19,"column":1}},"2":{"start":{"line":4,"column":2},"end":{"line":18,"column":4}},"3":{"start":{"line":3,"column":13},"end":{"line":3,"column":22}}},"fnMap":{"0":{"name":"(anonymous_0)","decl":{"start":{"line":3,"column":22},"end":{"line":3,"column":25}},"loc":{"start":{"line":3,"column":27},"end":{"line":19,"column":1}}}},"branchMap":{},"s":{"0":5,"1":5,"2":1,"3":5},"f":{"0":1},"b":{}}
,"/Users/vladislavkolos/Desktop/twitter-clone/src/shared/ui/Modal/Modal.tsx": {"path":"/Users/vladislavkolos/Desktop/twitter-clone/src/shared/ui/Modal/Modal.tsx","statementMap":{"0":{"start":{"line":1,"column":0},"end":{"line":1,"column":46}},"1":{"start":{"line":2,"column":0},"end":{"line":2,"column":41}},"2":{"start":{"line":4,"column":0},"end":{"line":4,"column":71}},"3":{"start":{"line":8,"column":38},"end":{"line":38,"column":1}},"4":{"start":{"line":9,"column":14},"end":{"line":9,"column":42}},"5":{"start":{"line":11,"column":2},"end":{"line":21,"column":15}},"6":{"start":{"line":12,"column":4},"end":{"line":12,"column":24}},"7":{"start":{"line":12,"column":17},"end":{"line":12,"column":24}},"8":{"start":{"line":13,"column":26},"end":{"line":13,"column":78}},"9":{"start":{"line":14,"column":4},"end":{"line":14,"column":53}},"10":{"start":{"line":15,"column":4},"end":{"line":15,"column":45}},"11":{"start":{"line":17,"column":4},"end":{"line":20,"column":6}},"12":{"start":{"line":18,"column":6},"end":{"line":18,"column":47}},"13":{"start":{"line":19,"column":6},"end":{"line":19,"column":47}},"14":{"start":{"line":23,"column":2},"end":{"line":23,"column":34}},"15":{"start":{"line":25,"column":2},"end":{"line":25,"column":27}},"16":{"start":{"line":25,"column":15},"end":{"line":25,"column":27}},"17":{"start":{"line":27,"column":2},"end":{"line":37,"column":4}},"18":{"start":{"line":8,"column":13},"end":{"line":8,"column":38}}},"fnMap":{"0":{"name":"(anonymous_0)","decl":{"start":{"line":8,"column":38},"end":{"line":8,"column":39}},"loc":{"start":{"line":8,"column":72},"end":{"line":38,"column":1}}},"1":{"name":"(anonymous_1)","decl":{"start":{"line":11,"column":12},"end":{"line":11,"column":15}},"loc":{"start":{"line":11,"column":17},"end":{"line":21,"column":3}}},"2":{"name":"(anonymous_2)","decl":{"start":{"line":17,"column":11},"end":{"line":17,"column":14}},"loc":{"start":{"line":17,"column":16},"end":{"line":20,"column":5}}}},"branchMap":{"0":{"loc":{"start":{"line":12,"column":4},"end":{"line":12,"column":24}},"type":"if","locations":[{"start":{"line":12,"column":4},"end":{"line":12,"column":24}}]},"1":{"loc":{"start":{"line":25,"column":2},"end":{"line":25,"column":27}},"type":"if","locations":[{"start":{"line":25,"column":2},"end":{"line":25,"column":27}}]}},"s":{"0":5,"1":5,"2":5,"3":5,"4":3,"5":3,"6":3,"7":1,"8":2,"9":2,"10":2,"11":2,"12":2,"13":2,"14":3,"15":3,"16":1,"17":2,"18":5},"f":{"0":3,"1":3,"2":2},"b":{"0":[1],"1":[1]}}
,"/Users/vladislavkolos/Desktop/twitter-clone/src/shared/ui/Search/Search.tsx": {"path":"/Users/vladislavkolos/Desktop/twitter-clone/src/shared/ui/Search/Search.tsx","statementMap":{"0":{"start":{"line":3,"column":0},"end":{"line":3,"column":36}},"1":{"start":{"line":7,"column":40},"end":{"line":22,"column":1}},"2":{"start":{"line":8,"column":2},"end":{"line":21,"column":4}},"3":{"start":{"line":15,"column":25},"end":{"line":15,"column":49}},"4":{"start":{"line":7,"column":13},"end":{"line":7,"column":40}}},"fnMap":{"0":{"name":"(anonymous_0)","decl":{"start":{"line":7,"column":40},"end":{"line":7,"column":41}},"loc":{"start":{"line":7,"column":64},"end":{"line":22,"column":1}}},"1":{"name":"(anonymous_1)","decl":{"start":{"line":15,"column":18},"end":{"line":15,"column":19}},"loc":{"start":{"line":15,"column":25},"end":{"line":15,"column":49}}}},"branchMap":{},"s":{"0":1,"1":1,"2":3,"3":1,"4":1},"f":{"0":3,"1":1},"b":{}}
,"/Users/vladislavkolos/Desktop/twitter-clone/src/shared/ui/Select/Select.tsx": {"path":"/Users/vladislavkolos/Desktop/twitter-clone/src/shared/ui/Select/Select.tsx","statementMap":{"0":{"start":{"line":1,"column":0},"end":{"line":1,"column":37}},"1":{"start":{"line":2,"column":0},"end":{"line":2,"column":28}},"2":{"start":{"line":4,"column":0},"end":{"line":4,"column":64}},"3":{"start":{"line":8,"column":40},"end":{"line":59,"column":1}},"4":{"start":{"line":9,"column":63},"end":{"line":9,"column":68}},"5":{"start":{"line":10,"column":44},"end":{"line":10,"column":59}},"6":{"start":{"line":11,"column":29},"end":{"line":13,"column":3}},"7":{"start":{"line":11,"column":46},"end":{"line":13,"column":3}},"8":{"start":{"line":12,"column":4},"end":{"line":12,"column":18}},"9":{"start":{"line":15,"column":24},"end":{"line":17,"column":3}},"10":{"start":{"line":16,"column":4},"end":{"line":16,"column":38}},"11":{"start":{"line":16,"column":31},"end":{"line":16,"column":36}},"12":{"start":{"line":19,"column":17},"end":{"line":19,"column":65}},"13":{"start":{"line":19,"column":42},"end":{"line":19,"column":64}},"14":{"start":{"line":21,"column":2},"end":{"line":58,"column":4}},"15":{"start":{"line":33,"column":24},"end":{"line":33,"column":28}},"16":{"start":{"line":42,"column":12},"end":{"line":49,"column":null}},"17":{"start":{"line":8,"column":13},"end":{"line":8,"column":40}}},"fnMap":{"0":{"name":"(anonymous_1)","decl":{"start":{"line":8,"column":40},"end":{"line":8,"column":41}},"loc":{"start":{"line":8,"column":50},"end":{"line":59,"column":1}}},"1":{"name":"(anonymous_2)","decl":{"start":{"line":11,"column":29},"end":{"line":11,"column":30}},"loc":{"start":{"line":11,"column":46},"end":{"line":13,"column":3}}},"2":{"name":"(anonymous_3)","decl":{"start":{"line":11,"column":46},"end":{"line":11,"column":49}},"loc":{"start":{"line":11,"column":51},"end":{"line":13,"column":3}}},"3":{"name":"(anonymous_4)","decl":{"start":{"line":15,"column":24},"end":{"line":15,"column":27}},"loc":{"start":{"line":15,"column":29},"end":{"line":17,"column":3}}},"4":{"name":"(anonymous_5)","decl":{"start":{"line":16,"column":21},"end":{"line":16,"column":22}},"loc":{"start":{"line":16,"column":31},"end":{"line":16,"column":36}}},"5":{"name":"(anonymous_6)","decl":{"start":{"line":19,"column":30},"end":{"line":19,"column":31}},"loc":{"start":{"line":19,"column":42},"end":{"line":19,"column":64}}},"6":{"name":"(anonymous_7)","decl":{"start":{"line":33,"column":18},"end":{"line":33,"column":21}},"loc":{"start":{"line":33,"column":24},"end":{"line":33,"column":28}}},"7":{"name":"(anonymous_8)","decl":{"start":{"line":41,"column":23},"end":{"line":41,"column":24}},"loc":{"start":{"line":42,"column":12},"end":{"line":49,"column":null}}}},"branchMap":{"0":{"loc":{"start":{"line":32,"column":15},"end":{"line":32,"column":37}},"type":"binary-expr","locations":[{"start":{"line":32,"column":15},"end":{"line":32,"column":28}},{"start":{"line":32,"column":32},"end":{"line":32,"column":37}}]},"1":{"loc":{"start":{"line":39,"column":7},"end":{"line":55,"column":null}},"type":"binary-expr","locations":[{"start":{"line":39,"column":7},"end":{"line":39,"column":20}},{"start":{"line":40,"column":8},"end":{"line":54,"column":null}}]}},"s":{"0":2,"1":2,"2":2,"3":2,"4":16,"5":16,"6":16,"7":4,"8":1,"9":16,"10":3,"11":3,"12":16,"13":218,"14":16,"15":0,"16":4,"17":2},"f":{"0":16,"1":4,"2":1,"3":3,"4":3,"5":218,"6":0,"7":4},"b":{"0":[16,16],"1":[16,2]}}
,"/Users/vladislavkolos/Desktop/twitter-clone/src/shared/ui/Skeleton/Skeleton.tsx": {"path":"/Users/vladislavkolos/Desktop/twitter-clone/src/shared/ui/Skeleton/Skeleton.tsx","statementMap":{"0":{"start":{"line":1,"column":24},"end":{"line":29,"column":1}},"1":{"start":{"line":2,"column":2},"end":{"line":28,"column":4}},"2":{"start":{"line":1,"column":13},"end":{"line":1,"column":24}}},"fnMap":{"0":{"name":"(anonymous_0)","decl":{"start":{"line":1,"column":24},"end":{"line":1,"column":27}},"loc":{"start":{"line":1,"column":29},"end":{"line":29,"column":1}}}},"branchMap":{},"s":{"0":1,"1":1,"2":1},"f":{"0":1},"b":{}}
,"/Users/vladislavkolos/Desktop/twitter-clone/src/shared/ui/Switch/Switch.tsx": {"path":"/Users/vladislavkolos/Desktop/twitter-clone/src/shared/ui/Switch/Switch.tsx","statementMap":{"0":{"start":{"line":5,"column":40},"end":{"line":21,"column":1}},"1":{"start":{"line":6,"column":2},"end":{"line":20,"column":4}},"2":{"start":{"line":14,"column":24},"end":{"line":14,"column":28}},"3":{"start":{"line":5,"column":13},"end":{"line":5,"column":40}}},"fnMap":{"0":{"name":"(anonymous_0)","decl":{"start":{"line":5,"column":40},"end":{"line":5,"column":41}},"loc":{"start":{"line":5,"column":66},"end":{"line":21,"column":1}}},"1":{"name":"(anonymous_1)","decl":{"start":{"line":14,"column":18},"end":{"line":14,"column":21}},"loc":{"start":{"line":14,"column":24},"end":{"line":14,"column":28}}}},"branchMap":{},"s":{"0":1,"1":1,"2":0,"3":1},"f":{"0":1,"1":0},"b":{}}
,"/Users/vladislavkolos/Desktop/twitter-clone/src/shared/ui/Toast/Toast.tsx": {"path":"/Users/vladislavkolos/Desktop/twitter-clone/src/shared/ui/Toast/Toast.tsx","statementMap":{"0":{"start":{"line":1,"column":0},"end":{"line":1,"column":38}},"1":{"start":{"line":2,"column":0},"end":{"line":2,"column":36}},"2":{"start":{"line":4,"column":0},"end":{"line":4,"column":54}},"3":{"start":{"line":5,"column":0},"end":{"line":5,"column":54}},"4":{"start":{"line":9,"column":38},"end":{"line":37,"column":1}},"5":{"start":{"line":10,"column":19},"end":{"line":10,"column":35}},"6":{"start":{"line":12,"column":2},"end":{"line":20,"column":9}},"7":{"start":{"line":13,"column":4},"end":{"line":13,"column":26}},"8":{"start":{"line":15,"column":20},"end":{"line":17,"column":12}},"9":{"start":{"line":16,"column":6},"end":{"line":16,"column":49}},"10":{"start":{"line":19,"column":4},"end":{"line":19,"column":39}},"11":{"start":{"line":19,"column":17},"end":{"line":19,"column":38}},"12":{"start":{"line":22,"column":2},"end":{"line":36,"column":4}},"13":{"start":{"line":9,"column":13},"end":{"line":9,"column":38}}},"fnMap":{"0":{"name":"(anonymous_1)","decl":{"start":{"line":9,"column":38},"end":{"line":9,"column":39}},"loc":{"start":{"line":9,"column":61},"end":{"line":37,"column":1}}},"1":{"name":"(anonymous_2)","decl":{"start":{"line":12,"column":12},"end":{"line":12,"column":15}},"loc":{"start":{"line":12,"column":17},"end":{"line":20,"column":3}}},"2":{"name":"(anonymous_3)","decl":{"start":{"line":15,"column":31},"end":{"line":15,"column":34}},"loc":{"start":{"line":15,"column":36},"end":{"line":17,"column":5}}},"3":{"name":"(anonymous_4)","decl":{"start":{"line":19,"column":11},"end":{"line":19,"column":14}},"loc":{"start":{"line":19,"column":17},"end":{"line":19,"column":38}}}},"branchMap":{},"s":{"0":2,"1":2,"2":2,"3":2,"4":2,"5":4,"6":4,"7":4,"8":4,"9":0,"10":4,"11":4,"12":4,"13":2},"f":{"0":4,"1":4,"2":0,"3":4},"b":{}}
}
