TN:
SF:fileMock.ts
FNF:0
FNH:0
DA:1,5
LF:1
LH:1
BRF:0
BRH:0
end_of_record
TN:
SF:svg.tsx
FNF:0
FNH:0
DA:1,10
DA:2,10
LF:2
LH:2
BRF:0
BRH:0
end_of_record
TN:
SF:src/app/providers/TestWithProviders/TestWithProviders.tsx
FN:9,(anonymous_0)
FNF:1
FNH:1
FNDA:9,(anonymous_0)
DA:2,4
DA:3,4
DA:5,4
DA:9,4
DA:13,9
DA:15,9
LF:6
LH:6
BRDA:13,0,0,9
BRDA:13,0,1,9
BRF:2
BRH:2
end_of_record
TN:
SF:src/app/providers/ToastContainer/ToastContainer.tsx
FN:4,(anonymous_0)
FN:5,(anonymous_1)
FN:11,(anonymous_2)
FNF:3
FNH:2
FNDA:1,(anonymous_0)
FNDA:2,(anonymous_1)
FNDA:0,(anonymous_2)
DA:1,1
DA:2,1
DA:4,1
DA:5,2
DA:7,1
DA:9,0
DA:12,0
LF:7
LH:5
BRDA:7,0,0,1
BRF:1
BRH:1
end_of_record
TN:
SF:src/app/store/index.ts
FN:20,(anonymous_1)
FN:26,(anonymous_2)
FNF:2
FNH:2
FNDA:4,(anonymous_1)
FNDA:9,(anonymous_2)
DA:1,4
DA:2,4
DA:4,4
DA:5,4
DA:6,4
DA:8,4
DA:10,4
DA:12,4
DA:18,4
DA:21,4
DA:24,4
DA:26,4
DA:27,9
LF:13
LH:13
BRF:0
BRH:0
end_of_record
TN:
SF:src/app/store/rootSaga.ts
FN:10,rootSaga
FNF:1
FNH:1
FNDA:4,rootSaga
DA:1,4
DA:3,4
DA:4,4
DA:5,4
DA:6,4
DA:7,4
DA:8,4
DA:10,4
DA:11,4
LF:9
LH:9
BRF:0
BRH:0
end_of_record
TN:
SF:src/entities/app/model/slice.ts
FN:21,(anonymous_0)
FN:24,(anonymous_1)
FN:27,(anonymous_2)
FN:38,(anonymous_3)
FN:39,(anonymous_4)
FNF:5
FNH:0
FNDA:0,(anonymous_0)
FNDA:0,(anonymous_1)
FNDA:0,(anonymous_2)
FNDA:0,(anonymous_3)
FNDA:0,(anonymous_4)
DA:1,4
DA:2,4
DA:4,4
DA:12,4
DA:17,4
DA:22,0
DA:25,0
DA:31,0
DA:32,0
DA:39,0
LF:10
LH:5
BRDA:13,0,0,4
BRDA:13,0,1,4
BRDA:33,1,0,0
BRDA:33,1,1,0
BRF:4
BRH:2
end_of_record
TN:
SF:src/entities/session/index.ts
FN:1,(anonymous_0)
FN:1,(anonymous_1)
FN:1,(anonymous_2)
FNF:3
FNH:1
FNDA:0,(anonymous_0)
FNDA:0,(anonymous_1)
FNDA:4,(anonymous_2)
DA:1,8
LF:1
LH:1
BRF:0
BRH:0
end_of_record
TN:
SF:src/entities/session/api/checkUserSession.ts
FN:5,(anonymous_0)
FN:6,(anonymous_1)
FN:7,(anonymous_2)
FNF:3
FNH:0
FNDA:0,(anonymous_0)
FNDA:0,(anonymous_1)
FNDA:0,(anonymous_2)
DA:1,4
DA:5,4
DA:6,0
DA:7,0
DA:8,0
DA:9,0
DA:14,0
DA:16,0
DA:19,0
DA:21,0
LF:10
LH:2
BRDA:8,0,0,0
BRDA:8,0,1,0
BRF:2
BRH:0
end_of_record
TN:
SF:src/entities/session/model/actions.ts
FNF:0
FNH:0
DA:1,4
DA:3,4
DA:10,4
DA:15,4
DA:17,4
DA:19,4
LF:6
LH:6
BRF:0
BRH:0
end_of_record
TN:
SF:src/entities/session/model/authSession.ts
FN:10,isLoggedIn
FN:25,watchIsLoggedIn
FNF:2
FNH:1
FNDA:0,isLoggedIn
FNDA:4,watchIsLoggedIn
DA:1,4
DA:3,4
DA:4,4
DA:5,4
DA:7,4
DA:10,4
DA:11,0
DA:12,0
DA:13,0
DA:15,0
DA:17,0
DA:19,0
DA:20,0
DA:21,0
DA:25,4
DA:26,4
LF:16
LH:8
BRF:0
BRH:0
end_of_record
TN:
SF:src/entities/session/model/slice.ts
FN:21,(anonymous_0)
FN:24,(anonymous_1)
FN:27,(anonymous_2)
FN:32,(anonymous_3)
FN:33,(anonymous_4)
FNF:5
FNH:0
FNDA:0,(anonymous_0)
FNDA:0,(anonymous_1)
FNDA:0,(anonymous_2)
FNDA:0,(anonymous_3)
FNDA:0,(anonymous_4)
DA:1,4
DA:11,4
DA:17,4
DA:22,0
DA:25,0
DA:28,0
DA:32,0
DA:33,0
DA:37,4
LF:9
LH:4
BRF:0
BRH:0
end_of_record
TN:
SF:src/entities/tweet/api/fetchTweets.ts
FN:7,(anonymous_0)
FN:21,(anonymous_1)
FNF:2
FNH:0
FNDA:0,(anonymous_0)
FNDA:0,(anonymous_1)
DA:1,4
DA:3,4
DA:7,4
DA:8,0
DA:9,0
DA:11,0
DA:13,0
DA:17,0
DA:19,0
DA:21,0
DA:22,0
DA:24,0
DA:26,0
DA:31,0
DA:41,0
DA:43,0
LF:16
LH:3
BRDA:19,0,0,0
BRDA:19,0,1,0
BRDA:37,1,0,0
BRDA:37,1,1,0
BRF:4
BRH:0
end_of_record
TN:
SF:src/entities/tweet/model/actions.ts
FNF:0
FNH:0
DA:1,4
DA:5,4
DA:9,4
DA:13,4
LF:4
LH:4
BRF:0
BRH:0
end_of_record
TN:
SF:src/entities/tweet/model/getTweets.ts
FN:9,getTweets
FN:24,watchGetTweets
FNF:2
FNH:1
FNDA:0,getTweets
FNDA:4,watchGetTweets
DA:2,4
DA:4,4
DA:6,4
DA:7,4
DA:9,4
DA:12,0
DA:13,0
DA:14,0
DA:15,0
DA:16,0
DA:18,0
DA:20,0
DA:24,4
DA:25,4
LF:14
LH:7
BRF:0
BRH:0
end_of_record
TN:
SF:src/entities/tweet/model/slice.ts
FN:19,(anonymous_0)
FN:22,(anonymous_1)
FN:25,(anonymous_2)
FN:28,(anonymous_3)
FN:33,(anonymous_4)
FNF:5
FNH:0
FNDA:0,(anonymous_0)
FNDA:0,(anonymous_1)
FNDA:0,(anonymous_2)
FNDA:0,(anonymous_3)
FNDA:0,(anonymous_4)
DA:1,4
DA:10,4
DA:15,4
DA:20,0
DA:23,0
DA:26,0
DA:27,0
DA:28,0
DA:30,0
DA:31,0
DA:33,0
DA:34,0
DA:36,0
DA:39,0
DA:40,0
DA:42,0
DA:44,0
LF:17
LH:3
BRDA:30,0,0,0
BRDA:39,1,0,0
BRDA:39,1,1,0
BRF:3
BRH:0
end_of_record
TN:
SF:src/entities/tweet/ui/TweetCard.tsx
FN:7,(anonymous_0)
FNF:1
FNH:1
FNDA:4,(anonymous_0)
DA:3,1
DA:7,1
DA:8,4
DA:10,4
DA:12,4
LF:5
LH:5
BRDA:22,0,0,4
BRDA:22,0,1,3
BRF:2
BRH:2
end_of_record
TN:
SF:src/entities/user/ui/UserCard/UserCard.tsx
FN:8,(anonymous_1)
FNF:1
FNH:1
FNDA:5,(anonymous_1)
DA:2,1
DA:4,1
DA:8,1
DA:16,5
LF:4
LH:4
BRDA:12,0,0,0
BRDA:13,1,0,0
BRDA:14,2,0,0
BRDA:30,3,0,5
BRDA:30,3,1,4
BRDA:30,3,2,3
BRF:6
BRH:3
end_of_record
TN:
SF:src/features/authentication/api/createUser.ts
FN:9,(anonymous_0)
FNF:1
FNH:0
FNDA:0,(anonymous_0)
DA:1,4
DA:2,4
DA:4,4
DA:5,4
DA:9,4
DA:10,0
DA:11,0
DA:13,0
DA:16,0
DA:26,0
DA:30,0
DA:35,0
DA:43,0
LF:13
LH:5
BRDA:40,0,0,0
BRDA:40,0,1,0
BRF:2
BRH:0
end_of_record
TN:
SF:src/features/authentication/api/googleAuth.ts
FN:7,(anonymous_0)
FNF:1
FNH:0
FNDA:0,(anonymous_0)
DA:1,4
DA:2,4
DA:4,4
DA:5,4
DA:7,4
DA:8,0
DA:9,0
DA:11,0
DA:16,0
DA:18,0
DA:28,0
DA:32,0
DA:37,0
DA:44,0
DA:46,0
LF:15
LH:5
BRDA:16,0,0,0
BRF:1
BRH:0
end_of_record
TN:
SF:src/features/authentication/api/loginUser.ts
FN:5,(anonymous_0)
FNF:1
FNH:0
FNDA:0,(anonymous_0)
DA:1,4
DA:3,4
DA:5,4
DA:6,0
DA:7,0
LF:5
LH:3
BRF:0
BRH:0
end_of_record
TN:
SF:src/features/authentication/api/logoutUser.ts
FN:5,(anonymous_0)
FNF:1
FNH:0
FNDA:0,(anonymous_0)
DA:1,4
DA:3,4
DA:5,4
DA:6,0
LF:4
LH:3
BRF:0
BRH:0
end_of_record
TN:
SF:src/features/authentication/login/model/login.ts
FN:10,login
FN:30,watchLogin
FNF:2
FNH:1
FNDA:0,login
FNDA:4,watchLogin
DA:2,4
DA:4,4
DA:5,4
DA:6,4
DA:8,4
DA:10,4
DA:13,0
DA:14,0
DA:15,0
DA:16,0
DA:17,0
DA:19,0
DA:20,0
DA:24,0
DA:26,0
DA:30,4
DA:31,4
LF:17
LH:8
BRDA:19,0,0,0
BRF:1
BRH:0
end_of_record
TN:
SF:src/features/authentication/login/model/loginScheme.ts
FNF:0
FNH:0
DA:1,1
DA:5,1
LF:2
LH:2
BRF:0
BRH:0
end_of_record
TN:
SF:src/features/authentication/login/ui/LoginForm.tsx
FN:12,(anonymous_0)
FN:21,(anonymous_1)
FN:30,(anonymous_2)
FN:42,(anonymous_3)
FNF:4
FNH:4
FNDA:2,(anonymous_0)
FNDA:1,(anonymous_1)
FNDA:4,(anonymous_2)
FNDA:4,(anonymous_3)
DA:2,1
DA:3,1
DA:5,1
DA:7,1
DA:12,1
DA:13,2
DA:21,2
DA:22,1
DA:25,2
DA:31,4
DA:43,4
LF:11
LH:11
BRF:0
BRH:0
end_of_record
TN:
SF:src/features/authentication/logout/model/logout.ts
FN:8,logout
FN:17,watchLogout
FNF:2
FNH:1
FNDA:0,logout
FNDA:4,watchLogout
DA:1,4
DA:3,4
DA:4,4
DA:6,4
DA:8,4
DA:9,0
DA:10,0
DA:11,0
DA:13,0
DA:17,4
DA:18,4
LF:11
LH:7
BRF:0
BRH:0
end_of_record
TN:
SF:src/features/authentication/model/index.ts
FN:7,authenticationSaga
FNF:1
FNH:1
FNDA:4,authenticationSaga
DA:1,4
DA:3,4
DA:4,4
DA:5,4
DA:7,4
DA:8,4
LF:6
LH:6
BRF:0
BRH:0
end_of_record
TN:
SF:src/features/authentication/registration/config/index.ts
FN:16,(anonymous_0)
FN:21,(anonymous_1)
FNF:2
FNH:2
FNDA:25,(anonymous_0)
FNDA:2,(anonymous_1)
DA:1,1
DA:16,1
DA:17,25
DA:18,25
DA:21,1
DA:22,2
DA:24,2
DA:25,2
DA:26,62
DA:27,62
DA:30,2
DA:33,1
DA:40,1
LF:13
LH:13
BRF:0
BRH:0
end_of_record
TN:
SF:src/features/authentication/registration/model/registration.ts
FN:16,registration
FN:35,googleRegistration
FN:44,watchRegistraion
FNF:3
FNH:1
FNDA:0,registration
FNDA:0,googleRegistration
FNDA:4,watchRegistraion
DA:2,4
DA:4,4
DA:5,4
DA:6,4
DA:12,4
DA:13,4
DA:16,4
DA:19,0
DA:20,0
DA:21,0
DA:23,0
DA:24,0
DA:29,0
DA:31,0
DA:35,4
DA:36,0
DA:37,0
DA:38,0
DA:40,0
DA:44,4
DA:45,4
DA:46,4
LF:22
LH:11
BRDA:23,0,0,0
BRF:1
BRH:0
end_of_record
TN:
SF:src/features/authentication/registration/model/registrationScheme.ts
FNF:0
FNH:0
DA:1,1
DA:5,1
DA:9,1
LF:3
LH:3
BRF:0
BRH:0
end_of_record
TN:
SF:src/features/authentication/registration/ui/RegistrationForm.tsx
FN:16,(anonymous_0)
FN:36,(anonymous_1)
FN:42,(anonymous_2)
FN:54,(anonymous_3)
FN:59,(anonymous_4)
FN:84,(anonymous_5)
FN:89,(anonymous_6)
FNF:7
FNH:7
FNDA:3,(anonymous_0)
FNDA:1,(anonymous_1)
FNDA:2,(anonymous_2)
FNDA:12,(anonymous_3)
FNDA:16,(anonymous_4)
FNDA:9,(anonymous_5)
FNDA:9,(anonymous_6)
DA:1,1
DA:2,1
DA:3,1
DA:4,1
DA:6,1
DA:7,1
DA:8,1
DA:10,1
DA:11,1
DA:16,1
DA:22,3
DA:36,3
DA:37,1
DA:40,3
DA:42,3
DA:44,3
DA:50,3
DA:52,3
DA:55,12
DA:60,16
DA:85,9
DA:90,9
LF:22
LH:22
BRDA:91,0,0,3
BRDA:91,0,1,6
BRF:2
BRH:2
end_of_record
TN:
SF:src/features/profile/editProfile/api/EditProfileApi.ts
FN:7,(anonymous_0)
FNF:1
FNH:0
FNDA:0,(anonymous_0)
DA:1,4
DA:4,4
DA:5,4
DA:7,4
DA:11,0
DA:13,0
DA:14,0
DA:16,0
DA:18,0
DA:23,0
DA:24,0
DA:29,0
DA:30,0
DA:33,0
DA:34,0
LF:15
LH:4
BRDA:23,0,0,0
BRDA:29,1,0,0
BRF:2
BRH:0
end_of_record
TN:
SF:src/features/profile/editProfile/model/EditProfile.ts
FN:11,editProfile
FN:42,watchEditProfile
FNF:2
FNH:1
FNDA:0,editProfile
FNDA:4,watchEditProfile
DA:2,4
DA:4,4
DA:5,4
DA:8,4
DA:9,4
DA:11,4
DA:17,0
DA:18,0
DA:19,0
DA:20,0
DA:21,0
DA:22,0
DA:29,0
DA:30,0
DA:38,0
DA:42,4
DA:43,4
LF:17
LH:8
BRDA:29,0,0,0
BRF:1
BRH:0
end_of_record
TN:
SF:src/features/profile/model/actions.ts
FNF:0
FNH:0
DA:1,4
DA:5,4
LF:2
LH:2
BRF:0
BRH:0
end_of_record
TN:
SF:src/features/tweet/addTweet/api/postTweet.ts
FN:6,(anonymous_0)
FNF:1
FNH:0
FNDA:0,(anonymous_0)
DA:1,4
DA:4,4
DA:5,4
DA:6,4
DA:7,0
DA:8,0
DA:9,0
DA:10,0
DA:21,0
DA:22,0
DA:23,0
DA:31,0
LF:12
LH:4
BRDA:17,0,0,0
BRDA:17,0,1,0
BRF:2
BRH:0
end_of_record
TN:
SF:src/features/tweet/addTweet/model/addTweet.ts
FN:10,addTweet
FN:21,watchAddTweet
FNF:2
FNH:1
FNDA:0,addTweet
FNDA:4,watchAddTweet
DA:2,4
DA:4,4
DA:5,4
DA:8,4
DA:10,4
DA:11,0
DA:12,0
DA:14,0
DA:15,0
DA:17,0
DA:21,4
DA:22,4
LF:12
LH:7
BRF:0
BRH:0
end_of_record
TN:
SF:src/features/tweet/likeTweet/api/postLikeTweet.ts
FN:5,(anonymous_0)
FNF:1
FNH:0
FNDA:0,(anonymous_0)
DA:1,4
DA:3,4
DA:5,4
DA:6,0
DA:7,0
DA:9,0
DA:11,0
LF:7
LH:3
BRDA:12,0,0,0
BRDA:12,0,1,0
BRF:2
BRH:0
end_of_record
TN:
SF:src/features/tweet/likeTweet/model/likeTweet.ts
FN:9,likeTweet
FN:24,watchLikeTweet
FNF:2
FNH:1
FNDA:0,likeTweet
FNDA:4,watchLikeTweet
DA:2,4
DA:4,4
DA:5,4
DA:7,4
DA:12,0
DA:14,0
DA:15,0
DA:17,0
DA:18,0
DA:20,0
DA:24,4
DA:25,4
LF:12
LH:6
BRF:0
BRH:0
end_of_record
TN:
SF:src/shared/api/firebase/instance.ts
FNF:0
FNH:0
DA:1,4
DA:2,4
DA:3,4
DA:4,4
DA:6,4
DA:8,4
DA:17,4
DA:18,4
DA:19,4
DA:20,4
DA:21,4
DA:23,4
LF:12
LH:12
BRDA:9,0,0,4
BRDA:9,0,1,4
BRDA:10,1,0,4
BRDA:10,1,1,4
BRDA:11,2,0,4
BRDA:11,2,1,4
BRDA:12,3,0,4
BRDA:12,3,1,4
BRDA:13,4,0,4
BRDA:13,4,1,4
BRDA:14,5,0,4
BRDA:14,5,1,4
BRF:12
BRH:12
end_of_record
TN:
SF:src/shared/api/storage/uploadFile.ts
FN:6,(anonymous_0)
FNF:1
FNH:0
FNDA:0,(anonymous_0)
DA:1,4
DA:2,4
DA:4,4
DA:6,4
DA:7,0
DA:8,0
DA:9,0
DA:10,0
DA:14,0
DA:16,0
LF:10
LH:4
BRDA:7,0,0,0
BRF:1
BRH:0
end_of_record
TN:
SF:src/shared/const/icons.ts
FNF:0
FNH:0
DA:1,9
DA:2,9
DA:3,9
DA:4,9
DA:5,9
DA:6,9
DA:7,9
DA:8,9
DA:9,9
DA:10,9
DA:11,9
DA:12,9
DA:13,9
DA:14,9
DA:15,9
DA:16,9
DA:17,9
DA:18,9
LF:18
LH:18
BRF:0
BRH:0
end_of_record
TN:
SF:src/shared/const/routes.ts
FNF:0
FNH:0
DA:1,1
LF:1
LH:1
BRF:0
BRH:0
end_of_record
TN:
SF:src/shared/const/theme.ts
FN:1,(anonymous_0)
FNF:1
FNH:1
FNDA:4,(anonymous_0)
DA:1,4
DA:2,4
DA:3,4
LF:3
LH:3
BRDA:1,0,0,4
BRDA:1,0,1,4
BRF:2
BRH:2
end_of_record
TN:
SF:src/shared/lib/generateRandomProfileId/randomProfileId.ts
FN:1,(anonymous_0)
FNF:1
FNH:0
FNDA:0,(anonymous_0)
DA:1,4
DA:2,0
LF:2
LH:1
BRF:0
BRH:0
end_of_record
TN:
SF:src/shared/lib/hooks/useClickOutside.ts
FN:3,(anonymous_0)
FN:9,(anonymous_1)
FN:10,(anonymous_2)
FN:18,(anonymous_3)
FNF:4
FNH:3
FNDA:3,(anonymous_0)
FNDA:3,(anonymous_1)
FNDA:0,(anonymous_2)
FNDA:3,(anonymous_3)
DA:1,5
DA:3,5
DA:7,3
DA:9,3
DA:10,3
DA:11,0
DA:12,0
DA:16,3
DA:18,3
DA:19,3
DA:23,3
LF:11
LH:9
BRDA:11,0,0,0
BRDA:11,1,0,0
BRDA:11,1,1,0
BRF:3
BRH:0
end_of_record
TN:
SF:src/shared/model/hooks.ts
FNF:0
FNH:0
DA:1,2
DA:7,2
DA:8,2
LF:3
LH:3
BRF:0
BRH:0
end_of_record
TN:
SF:src/shared/ui/index.tsx
FN:1,(anonymous_0)
FN:2,(anonymous_1)
FN:3,(anonymous_2)
FN:4,(anonymous_3)
FN:5,(anonymous_4)
FN:6,(anonymous_5)
FN:7,(anonymous_6)
FNF:7
FNH:3
FNDA:0,(anonymous_0)
FNDA:9,(anonymous_1)
FNDA:5,(anonymous_2)
FNDA:0,(anonymous_3)
FNDA:24,(anonymous_4)
FNDA:0,(anonymous_5)
FNDA:0,(anonymous_6)
DA:1,4
DA:2,13
DA:3,9
DA:4,4
DA:5,28
DA:6,4
DA:7,4
LF:7
LH:7
BRF:0
BRH:0
end_of_record
TN:
SF:src/shared/ui/AddPicture/AddPicture.tsx
FN:7,(anonymous_0)
FN:15,(anonymous_1)
FNF:2
FNH:1
FNDA:2,(anonymous_0)
FNDA:0,(anonymous_1)
DA:3,5
DA:7,5
DA:8,2
DA:16,0
DA:17,0
LF:5
LH:3
BRDA:16,0,0,0
BRF:1
BRH:0
end_of_record
TN:
SF:src/shared/ui/Avatar/Avatar.tsx
FN:8,(anonymous_1)
FNF:1
FNH:1
FNDA:14,(anonymous_1)
DA:1,5
DA:2,5
DA:4,5
DA:8,5
DA:9,14
LF:5
LH:5
BRDA:8,0,0,8
BRDA:11,1,0,14
BRDA:11,1,1,1
BRF:3
BRH:3
end_of_record
TN:
SF:src/shared/ui/Button/Button.tsx
FN:6,(anonymous_1)
FNF:1
FNH:1
FNDA:8,(anonymous_1)
DA:2,5
DA:6,5
DA:15,8
LF:3
LH:3
BRDA:11,0,0,7
BRDA:32,1,0,8
BRDA:32,1,1,0
BRF:3
BRH:2
end_of_record
TN:
SF:src/shared/ui/Drawer/Drawer.tsx
FN:7,(anonymous_0)
FNF:1
FNH:1
FNDA:3,(anonymous_0)
DA:3,1
DA:7,1
DA:8,3
LF:3
LH:3
BRF:0
BRH:0
end_of_record
TN:
SF:src/shared/ui/Icon/Icon.tsx
FN:7,(anonymous_0)
FNF:1
FNH:1
FNDA:11,(anonymous_0)
DA:1,9
DA:3,9
DA:7,9
DA:8,11
DA:10,11
LF:5
LH:5
BRF:0
BRH:0
end_of_record
TN:
SF:src/shared/ui/ImageWithUpload/ImageWithUpload.tsx
FN:5,(anonymous_0)
FN:23,(anonymous_1)
FNF:2
FNH:2
FNDA:2,(anonymous_0)
FNDA:1,(anonymous_1)
DA:1,5
DA:5,5
DA:9,2
DA:11,2
DA:24,1
DA:25,1
LF:6
LH:6
BRDA:24,0,0,0
BRF:1
BRH:0
end_of_record
TN:
SF:src/shared/ui/Input/Input.tsx
FN:6,(anonymous_0)
FNF:1
FNH:1
FNDA:25,(anonymous_0)
DA:1,5
DA:5,5
DA:7,25
DA:9,25
DA:11,25
LF:5
LH:5
BRDA:31,0,0,25
BRDA:31,0,1,0
BRF:2
BRH:1
end_of_record
TN:
SF:src/shared/ui/Loader/Loader.tsx
FN:3,(anonymous_0)
FNF:1
FNH:1
FNDA:1,(anonymous_0)
DA:1,5
DA:3,5
DA:4,1
LF:3
LH:3
BRF:0
BRH:0
end_of_record
TN:
SF:src/shared/ui/Modal/Modal.tsx
FN:8,(anonymous_0)
FN:11,(anonymous_1)
FN:17,(anonymous_2)
FNF:3
FNH:3
FNDA:3,(anonymous_0)
FNDA:3,(anonymous_1)
FNDA:2,(anonymous_2)
DA:1,5
DA:2,5
DA:4,5
DA:8,5
DA:9,3
DA:11,3
DA:12,3
DA:13,2
DA:14,2
DA:15,2
DA:17,2
DA:18,2
DA:19,2
DA:23,3
DA:25,3
DA:27,2
LF:16
LH:16
BRDA:12,0,0,1
BRDA:25,1,0,1
BRF:2
BRH:2
end_of_record
TN:
SF:src/shared/ui/Search/Search.tsx
FN:7,(anonymous_0)
FN:15,(anonymous_1)
FNF:2
FNH:2
FNDA:3,(anonymous_0)
FNDA:1,(anonymous_1)
DA:3,1
DA:7,1
DA:8,3
DA:15,1
LF:4
LH:4
BRF:0
BRH:0
end_of_record
TN:
SF:src/shared/ui/Select/Select.tsx
FN:8,(anonymous_1)
FN:11,(anonymous_2)
FN:11,(anonymous_3)
FN:15,(anonymous_4)
FN:16,(anonymous_5)
FN:19,(anonymous_6)
FN:33,(anonymous_7)
FN:41,(anonymous_8)
FNF:8
FNH:7
FNDA:16,(anonymous_1)
FNDA:4,(anonymous_2)
FNDA:1,(anonymous_3)
FNDA:3,(anonymous_4)
FNDA:3,(anonymous_5)
FNDA:218,(anonymous_6)
FNDA:0,(anonymous_7)
FNDA:4,(anonymous_8)
DA:1,2
DA:2,2
DA:4,2
DA:8,2
DA:9,16
DA:10,16
DA:11,16
DA:12,1
DA:15,16
DA:16,3
DA:19,218
DA:21,16
DA:33,0
DA:42,4
LF:14
LH:13
BRDA:32,0,0,16
BRDA:32,0,1,16
BRDA:39,1,0,16
BRDA:39,1,1,2
BRF:4
BRH:4
end_of_record
TN:
SF:src/shared/ui/Skeleton/Skeleton.tsx
FN:1,(anonymous_0)
FNF:1
FNH:1
FNDA:1,(anonymous_0)
DA:1,1
DA:2,1
LF:2
LH:2
BRF:0
BRH:0
end_of_record
TN:
SF:src/shared/ui/Switch/Switch.tsx
FN:5,(anonymous_0)
FN:14,(anonymous_1)
FNF:2
FNH:1
FNDA:1,(anonymous_0)
FNDA:0,(anonymous_1)
DA:5,1
DA:6,1
DA:14,0
LF:3
LH:2
BRF:0
BRH:0
end_of_record
TN:
SF:src/shared/ui/Toast/Toast.tsx
FN:9,(anonymous_1)
FN:12,(anonymous_2)
FN:15,(anonymous_3)
FN:19,(anonymous_4)
FNF:4
FNH:3
FNDA:4,(anonymous_1)
FNDA:4,(anonymous_2)
FNDA:0,(anonymous_3)
FNDA:4,(anonymous_4)
DA:1,2
DA:2,2
DA:4,2
DA:5,2
DA:9,2
DA:10,4
DA:12,4
DA:13,4
DA:15,4
DA:16,0
DA:19,4
DA:22,4
LF:12
LH:11
BRF:0
BRH:0
end_of_record
